TN:
SF:src/components/componentDayTip/componentDayTip.ts
FN:7,ComponentDayTip
FN:295,<static_initializer>
FN:330,connectedCallback
FN:335,updated
FN:341,selectRandomTip
FN:347,render
FNF:6
FNH:6
FNDA:5,ComponentDayTip
FNDA:2,<static_initializer>
FNDA:5,connectedCallback
FNDA:12,updated
FNDA:11,selectRandomTip
FNDA:12,render
DA:1,2
DA:2,2
DA:3,2
DA:4,2
DA:5,2
DA:6,2
DA:7,5
DA:8,5
DA:9,5
DA:10,5
DA:11,5
DA:12,5
DA:13,5
DA:14,5
DA:15,5
DA:16,5
DA:17,5
DA:18,5
DA:19,5
DA:20,5
DA:21,5
DA:22,5
DA:23,5
DA:24,5
DA:25,5
DA:26,5
DA:27,5
DA:28,5
DA:29,5
DA:30,5
DA:31,5
DA:32,5
DA:33,5
DA:34,5
DA:35,5
DA:36,5
DA:37,5
DA:38,5
DA:39,5
DA:40,5
DA:41,5
DA:42,5
DA:43,5
DA:44,5
DA:45,5
DA:46,5
DA:47,5
DA:48,5
DA:49,5
DA:50,5
DA:51,5
DA:52,5
DA:53,5
DA:54,5
DA:55,5
DA:56,5
DA:57,5
DA:58,5
DA:59,5
DA:60,5
DA:61,5
DA:62,5
DA:63,5
DA:64,5
DA:65,5
DA:66,5
DA:67,5
DA:68,5
DA:69,5
DA:70,5
DA:71,5
DA:72,5
DA:73,5
DA:74,5
DA:75,5
DA:76,5
DA:77,5
DA:78,5
DA:79,5
DA:80,5
DA:81,5
DA:82,5
DA:83,5
DA:84,5
DA:85,5
DA:86,5
DA:87,5
DA:88,5
DA:89,5
DA:90,5
DA:91,5
DA:92,5
DA:93,5
DA:94,5
DA:95,5
DA:96,5
DA:97,5
DA:98,5
DA:99,5
DA:100,5
DA:101,5
DA:102,5
DA:103,5
DA:104,5
DA:105,5
DA:106,5
DA:107,5
DA:108,5
DA:109,5
DA:110,5
DA:111,5
DA:112,5
DA:113,5
DA:114,5
DA:115,5
DA:116,5
DA:117,5
DA:118,5
DA:119,5
DA:120,5
DA:121,5
DA:122,5
DA:123,5
DA:124,5
DA:125,5
DA:126,5
DA:127,5
DA:128,5
DA:129,5
DA:130,5
DA:131,5
DA:132,5
DA:133,5
DA:134,5
DA:135,5
DA:136,5
DA:137,5
DA:138,5
DA:139,5
DA:140,5
DA:141,5
DA:142,5
DA:143,5
DA:144,5
DA:145,5
DA:146,5
DA:147,5
DA:148,5
DA:149,5
DA:150,5
DA:151,5
DA:152,5
DA:153,5
DA:154,5
DA:155,5
DA:156,5
DA:157,5
DA:158,5
DA:159,5
DA:160,5
DA:161,5
DA:162,5
DA:163,5
DA:164,5
DA:165,5
DA:166,5
DA:167,5
DA:168,5
DA:169,5
DA:170,5
DA:171,5
DA:172,5
DA:173,5
DA:174,5
DA:175,5
DA:176,5
DA:177,5
DA:178,5
DA:179,5
DA:180,5
DA:181,5
DA:182,5
DA:183,5
DA:184,5
DA:185,5
DA:186,5
DA:187,5
DA:188,5
DA:189,5
DA:190,5
DA:191,5
DA:192,5
DA:193,5
DA:194,5
DA:195,5
DA:196,5
DA:197,5
DA:198,5
DA:199,5
DA:200,5
DA:201,5
DA:202,5
DA:203,5
DA:204,5
DA:205,5
DA:206,5
DA:207,5
DA:208,5
DA:209,5
DA:210,5
DA:211,5
DA:212,5
DA:213,5
DA:214,5
DA:215,5
DA:216,5
DA:217,5
DA:218,5
DA:219,5
DA:220,5
DA:221,5
DA:222,5
DA:223,5
DA:224,5
DA:225,5
DA:226,5
DA:227,5
DA:228,5
DA:229,5
DA:230,5
DA:231,5
DA:232,5
DA:233,5
DA:234,5
DA:235,5
DA:236,5
DA:237,5
DA:238,5
DA:239,5
DA:240,5
DA:241,5
DA:242,5
DA:243,5
DA:244,5
DA:245,5
DA:246,5
DA:247,5
DA:248,5
DA:249,5
DA:250,5
DA:251,5
DA:252,5
DA:253,5
DA:254,5
DA:255,5
DA:256,5
DA:257,5
DA:258,5
DA:259,5
DA:260,5
DA:261,5
DA:262,5
DA:263,5
DA:264,5
DA:265,5
DA:266,5
DA:267,5
DA:268,5
DA:269,5
DA:270,5
DA:271,5
DA:272,5
DA:273,5
DA:274,5
DA:275,5
DA:276,5
DA:277,5
DA:278,5
DA:279,5
DA:280,5
DA:281,5
DA:282,5
DA:283,5
DA:284,5
DA:285,5
DA:286,5
DA:287,5
DA:288,5
DA:289,5
DA:290,5
DA:291,5
DA:292,5
DA:293,5
DA:294,2
DA:295,2
DA:296,2
DA:297,2
DA:298,2
DA:299,2
DA:300,2
DA:301,2
DA:302,2
DA:303,2
DA:304,2
DA:305,2
DA:306,2
DA:307,2
DA:308,2
DA:309,2
DA:310,2
DA:311,2
DA:312,2
DA:313,2
DA:314,2
DA:315,2
DA:316,2
DA:317,2
DA:318,2
DA:319,2
DA:320,2
DA:321,2
DA:322,2
DA:323,2
DA:324,2
DA:325,2
DA:326,2
DA:327,2
DA:328,2
DA:329,2
DA:330,2
DA:331,5
DA:332,5
DA:333,5
DA:334,2
DA:335,2
DA:336,12
DA:337,6
DA:338,6
DA:339,12
DA:340,2
DA:341,2
DA:342,11
DA:343,11
DA:344,11
DA:345,11
DA:346,2
DA:347,2
DA:348,12
DA:349,12
DA:350,12
DA:351,12
DA:352,12
DA:353,12
DA:354,12
DA:355,12
DA:356,12
DA:357,12
DA:358,12
DA:359,12
DA:360,12
DA:361,12
DA:362,12
DA:363,2
LF:363
LH:363
BRDA:7,0,0,5
BRDA:295,1,0,2
BRDA:330,2,0,5
BRDA:335,3,0,12
BRDA:336,4,0,6
BRDA:341,5,0,11
BRDA:342,6,0,0
BRDA:347,7,0,12
BRDA:354,8,0,0
BRF:9
BRH:7
end_of_record
TN:
SF:src/components/componentDayTip/index.ts
FNF:0
FNH:0
DA:1,2
DA:2,2
DA:3,2
DA:4,2
LF:4
LH:4
BRF:0
BRH:0
end_of_record
TN:
SF:src/components/componentEmoji/componentEmoji.ts
FN:10,ComponentEmoji
FN:14,<static_initializer>
FN:34,_getEmoji
FN:50,_getRandomEmoji
FN:62,render
FNF:5
FNH:5
FNDA:7,ComponentEmoji
FNDA:2,<static_initializer>
FNDA:14,_getEmoji
FNDA:3,_getRandomEmoji
FNDA:14,render
DA:1,2
DA:2,2
DA:3,2
DA:4,2
DA:5,2
DA:6,2
DA:7,2
DA:8,2
DA:9,2
DA:10,2
DA:11,7
DA:12,7
DA:13,2
DA:14,2
DA:15,2
DA:16,2
DA:17,2
DA:18,2
DA:19,2
DA:20,2
DA:21,2
DA:22,2
DA:23,2
DA:24,2
DA:25,2
DA:26,2
DA:27,2
DA:28,2
DA:29,2
DA:30,2
DA:31,2
DA:32,2
DA:33,2
DA:34,2
DA:35,14
DA:36,14
DA:37,14
DA:38,6
DA:39,14
DA:40,459
DA:41,3364
DA:42,3362
DA:43,459
DA:44,3
DA:45,3
DA:46,459
DA:47,3
DA:48,14
DA:49,2
DA:50,2
DA:51,3
DA:52,3
DA:53,3
DA:54,50
DA:55,50
DA:56,50
DA:57,3
DA:58,3
DA:59,3
DA:60,3
DA:61,2
DA:62,2
DA:63,14
DA:64,14
DA:65,2
LF:65
LH:65
BRDA:10,0,0,7
BRDA:14,1,0,2
BRDA:34,2,0,14
BRDA:35,3,0,6
BRDA:35,4,0,8
BRDA:37,5,0,8
BRDA:37,6,0,6
BRDA:39,7,0,459
BRDA:43,8,0,3
BRDA:46,9,0,3
BRDA:40,10,0,3364
BRDA:41,11,0,3362
BRDA:50,12,0,3
BRDA:53,13,0,50
BRDA:62,14,0,14
BRF:15
BRH:15
end_of_record
TN:
SF:src/components/componentEmoji/emojiList.ts
FNF:0
FNH:0
DA:1,2
DA:2,2
DA:3,2
DA:4,2
DA:5,2
DA:6,2
DA:7,2
DA:8,2
DA:9,2
DA:10,2
DA:11,2
DA:12,2
DA:13,2
DA:14,2
DA:15,2
DA:16,2
DA:17,2
DA:18,2
DA:19,2
DA:20,2
DA:21,2
DA:22,2
DA:23,2
DA:24,2
DA:25,2
DA:26,2
DA:27,2
DA:28,2
DA:29,2
DA:30,2
DA:31,2
DA:32,2
DA:33,2
DA:34,2
DA:35,2
DA:36,2
DA:37,2
DA:38,2
DA:39,2
DA:40,2
DA:41,2
DA:42,2
DA:43,2
DA:44,2
DA:45,2
DA:46,2
DA:47,2
DA:48,2
DA:49,2
DA:50,2
DA:51,2
DA:52,2
DA:53,2
DA:54,2
DA:55,2
DA:56,2
DA:57,2
DA:58,2
DA:59,2
DA:60,2
DA:61,2
DA:62,2
DA:63,2
DA:64,2
DA:65,2
DA:66,2
DA:67,2
DA:68,2
DA:69,2
DA:70,2
DA:71,2
DA:72,2
DA:73,2
DA:74,2
DA:75,2
DA:76,2
DA:77,2
DA:78,2
DA:79,2
DA:80,2
DA:81,2
DA:82,2
DA:83,2
DA:84,2
DA:85,2
DA:86,2
DA:87,2
DA:88,2
DA:89,2
DA:90,2
DA:91,2
DA:92,2
DA:93,2
DA:94,2
DA:95,2
DA:96,2
DA:97,2
DA:98,2
DA:99,2
DA:100,2
DA:101,2
DA:102,2
DA:103,2
DA:104,2
DA:105,2
DA:106,2
DA:107,2
DA:108,2
DA:109,2
DA:110,2
DA:111,2
DA:112,2
DA:113,2
DA:114,2
DA:115,2
DA:116,2
DA:117,2
DA:118,2
DA:119,2
DA:120,2
DA:121,2
DA:122,2
DA:123,2
DA:124,2
DA:125,2
DA:126,2
DA:127,2
DA:128,2
DA:129,2
DA:130,2
DA:131,2
DA:132,2
DA:133,2
DA:134,2
DA:135,2
DA:136,2
DA:137,2
DA:138,2
DA:139,2
DA:140,2
DA:141,2
DA:142,2
DA:143,2
DA:144,2
DA:145,2
DA:146,2
DA:147,2
DA:148,2
DA:149,2
DA:150,2
DA:151,2
DA:152,2
DA:153,2
LF:153
LH:153
BRF:0
BRH:0
end_of_record
TN:
SF:src/components/componentEmoji/index.ts
FNF:0
FNH:0
DA:1,1
DA:2,1
DA:3,1
DA:4,1
LF:4
LH:4
BRF:0
BRH:0
end_of_record
TN:
SF:src/components/componentGroupButton/componentGroupButton.ts
FN:10,ComponentGroupButton
FN:17,<static_initializer>
FN:59,render
FN:75,_handleClick
FNF:4
FNH:4
FNDA:7,ComponentGroupButton
FNDA:1,<static_initializer>
FNDA:8,render
FNDA:1,_handleClick
DA:1,1
DA:2,1
DA:3,1
DA:4,1
DA:5,1
DA:6,1
DA:7,1
DA:8,1
DA:9,1
DA:10,1
DA:11,7
DA:12,7
DA:13,7
DA:14,7
DA:15,7
DA:16,1
DA:17,1
DA:18,1
DA:19,1
DA:20,1
DA:21,1
DA:22,1
DA:23,1
DA:24,1
DA:25,1
DA:26,1
DA:27,1
DA:28,1
DA:29,1
DA:30,1
DA:31,1
DA:32,1
DA:33,1
DA:34,1
DA:35,1
DA:36,1
DA:37,1
DA:38,1
DA:39,1
DA:40,1
DA:41,1
DA:42,1
DA:43,1
DA:44,1
DA:45,1
DA:46,1
DA:47,1
DA:48,1
DA:49,1
DA:50,1
DA:51,1
DA:52,1
DA:53,1
DA:54,1
DA:55,1
DA:56,1
DA:57,1
DA:58,1
DA:59,1
DA:60,8
DA:61,8
DA:62,8
DA:63,23
DA:64,23
DA:65,23
DA:66,23
DA:67,23
DA:68,23
DA:69,8
DA:70,8
DA:71,8
DA:72,8
DA:73,8
DA:74,1
DA:75,1
DA:76,1
DA:77,1
DA:78,1
DA:79,1
DA:80,1
DA:81,1
DA:82,1
DA:83,1
DA:84,1
DA:85,1
DA:86,1
DA:87,1
DA:88,1
LF:88
LH:88
BRDA:10,0,0,7
BRDA:12,1,0,0
BRDA:17,2,0,1
BRDA:59,3,0,8
BRDA:62,4,0,23
BRDA:64,5,0,8
BRDA:64,6,0,15
BRDA:65,7,0,1
BRDA:75,8,0,1
BRF:9
BRH:8
end_of_record
TN:
SF:src/components/componentLineChart/componentLineChart.ts
FN:4,ComponentLineChart
FN:79,connectedCallback
FN:84,firstUpdated
FN:88,_updateDimensions
FN:95,disconnectedCallback
FN:101,updated
FN:108,_handleMouseEnter
FN:114,_handleMouseLeave
FN:118,_generateChartSvg
FN:278,render
FNF:10
FNH:8
FNDA:5,ComponentLineChart
FNDA:5,connectedCallback
FNDA:5,firstUpdated
FNDA:5,_updateDimensions
FNDA:5,disconnectedCallback
FNDA:10,updated
FNDA:0,_handleMouseEnter
FNDA:0,_handleMouseLeave
FNDA:10,_generateChartSvg
FNDA:10,render
DA:1,1
DA:2,1
DA:3,1
DA:4,5
DA:5,5
DA:6,5
DA:7,5
DA:8,5
DA:9,5
DA:10,5
DA:11,5
DA:12,5
DA:13,5
DA:14,5
DA:15,5
DA:16,5
DA:17,5
DA:18,5
DA:19,5
DA:20,5
DA:21,5
DA:22,5
DA:23,5
DA:24,5
DA:25,5
DA:26,5
DA:27,5
DA:28,5
DA:29,5
DA:30,5
DA:31,5
DA:32,5
DA:33,5
DA:34,5
DA:35,5
DA:36,5
DA:37,5
DA:38,5
DA:39,5
DA:40,5
DA:41,5
DA:42,5
DA:43,5
DA:44,5
DA:45,5
DA:46,5
DA:47,5
DA:48,5
DA:49,5
DA:50,5
DA:51,5
DA:52,5
DA:53,5
DA:54,5
DA:55,5
DA:56,5
DA:57,5
DA:58,5
DA:59,5
DA:60,5
DA:61,5
DA:62,5
DA:63,5
DA:64,5
DA:65,5
DA:66,5
DA:67,5
DA:68,5
DA:69,5
DA:70,5
DA:71,5
DA:72,5
DA:73,5
DA:74,5
DA:75,5
DA:76,5
DA:77,1
DA:78,1
DA:79,1
DA:80,5
DA:81,5
DA:82,5
DA:83,1
DA:84,1
DA:85,5
DA:86,5
DA:87,1
DA:88,1
DA:89,5
DA:90,5
DA:91,5
DA:92,5
DA:93,5
DA:94,1
DA:95,1
DA:96,5
DA:97,5
DA:98,1
DA:99,1
DA:100,1
DA:101,1
DA:102,10
DA:103,10
DA:104,10
DA:105,10
DA:106,10
DA:107,1
DA:108,1
DA:109,0
DA:110,0
DA:111,0
DA:112,0
DA:113,1
DA:114,1
DA:115,0
DA:116,0
DA:117,1
DA:118,1
DA:119,10
DA:120,10
DA:121,10
DA:122,10
DA:123,10
DA:124,10
DA:125,10
DA:126,10
DA:127,10
DA:128,10
DA:129,10
DA:130,10
DA:131,10
DA:132,10
DA:133,10
DA:134,10
DA:135,10
DA:136,10
DA:137,10
DA:138,10
DA:139,10
DA:140,10
DA:141,10
DA:142,10
DA:143,10
DA:144,10
DA:145,10
DA:146,30
DA:147,30
DA:148,30
DA:149,10
DA:150,10
DA:151,10
DA:152,10
DA:153,40
DA:154,40
DA:155,10
DA:156,10
DA:157,10
DA:158,10
DA:159,10
DA:160,10
DA:161,10
DA:162,10
DA:163,10
DA:164,10
DA:165,10
DA:166,10
DA:167,10
DA:168,10
DA:169,10
DA:170,10
DA:171,10
DA:172,10
DA:173,10
DA:174,10
DA:175,10
DA:176,10
DA:177,10
DA:178,10
DA:179,10
DA:180,10
DA:181,10
DA:182,10
DA:183,50
DA:184,50
DA:185,50
DA:186,50
DA:187,50
DA:188,50
DA:189,50
DA:190,50
DA:191,50
DA:192,50
DA:193,50
DA:194,50
DA:195,50
DA:196,50
DA:197,50
DA:198,50
DA:199,50
DA:200,50
DA:201,50
DA:202,50
DA:203,50
DA:204,50
DA:205,50
DA:206,50
DA:207,50
DA:208,10
DA:209,10
DA:210,10
DA:211,10
DA:212,10
DA:213,10
DA:214,10
DA:215,10
DA:216,10
DA:217,10
DA:218,10
DA:219,10
DA:220,10
DA:221,10
DA:222,10
DA:223,10
DA:224,10
DA:225,10
DA:226,10
DA:227,10
DA:228,10
DA:229,10
DA:230,10
DA:231,10
DA:232,10
DA:233,10
DA:234,10
DA:235,10
DA:236,50
DA:237,50
DA:238,50
DA:239,10
DA:240,10
DA:241,10
DA:242,10
DA:243,10
DA:244,10
DA:245,40
DA:246,40
DA:247,40
DA:248,40
DA:249,40
DA:250,10
DA:251,10
DA:252,10
DA:253,10
DA:254,10
DA:255,10
DA:256,10
DA:257,10
DA:258,10
DA:259,10
DA:260,50
DA:261,50
DA:262,50
DA:263,50
DA:264,50
DA:265,50
DA:266,50
DA:267,50
DA:268,50
DA:269,50
DA:270,50
DA:271,50
DA:272,50
DA:273,50
DA:274,10
DA:275,10
DA:276,10
DA:277,1
DA:278,1
DA:279,10
DA:280,10
DA:281,10
DA:282,10
DA:283,0
DA:284,0
DA:285,10
DA:286,10
DA:287,10
DA:288,10
DA:289,10
DA:290,1
DA:291,1
DA:292,1
DA:293,1
DA:294,1
DA:295,1
DA:296,1
LF:296
LH:288
BRDA:4,0,0,5
BRDA:79,1,0,5
BRDA:84,2,0,5
BRDA:88,3,0,5
BRDA:90,4,0,0
BRDA:91,5,0,0
BRDA:95,6,0,5
BRDA:101,7,0,10
BRDA:103,8,0,5
BRDA:103,9,0,0
BRDA:118,10,0,10
BRDA:119,11,0,0
BRDA:123,12,0,0
BRDA:123,13,0,0
BRDA:124,14,0,0
BRDA:124,15,0,0
BRDA:135,16,0,0
BRDA:145,17,0,30
BRDA:147,18,0,10
BRDA:152,19,0,40
BRDA:182,20,0,50
BRDA:244,21,0,40
BRDA:137,22,0,50
BRDA:138,23,0,50
BRDA:139,24,0,50
BRDA:235,25,0,50
BRDA:259,26,0,50
BRDA:278,27,0,10
BRDA:282,28,0,0
BRF:29
BRH:19
end_of_record
TN:
SF:src/components/componentLineChart/index.ts
FNF:0
FNH:0
DA:1,1
DA:2,1
DA:3,1
DA:4,1
LF:4
LH:4
BRF:0
BRH:0
end_of_record
TN:
SF:src/components/componentMaintenanceCalories/componentMaintenanceCalories.ts
FN:6,ComponentMaintenanceCalories
FN:195,updated
FN:202,_calculateCalories
FN:228,_onDietTypeChange
FN:254,_handleSave
FN:273,render
FN:292,html._gender
FN:307,html.activityLevel
FNF:8
FNH:5
FNDA:16,ComponentMaintenanceCalories
FNDA:40,updated
FNDA:41,_calculateCalories
FNDA:0,_onDietTypeChange
FNDA:1,_handleSave
FNDA:40,render
FNDA:0,html._gender
FNDA:0,html.activityLevel
DA:1,2
DA:2,2
DA:3,2
DA:4,2
DA:5,2
DA:6,16
DA:7,16
DA:8,16
DA:9,16
DA:10,16
DA:11,16
DA:12,16
DA:13,16
DA:14,16
DA:15,16
DA:16,16
DA:17,16
DA:18,16
DA:19,16
DA:20,16
DA:21,16
DA:22,16
DA:23,16
DA:24,16
DA:25,16
DA:26,16
DA:27,16
DA:28,2
DA:29,2
DA:30,2
DA:31,2
DA:32,2
DA:33,2
DA:34,2
DA:35,2
DA:36,2
DA:37,2
DA:38,2
DA:39,2
DA:40,2
DA:41,2
DA:42,2
DA:43,2
DA:44,2
DA:45,2
DA:46,2
DA:47,2
DA:48,2
DA:49,2
DA:50,2
DA:51,2
DA:52,2
DA:53,2
DA:54,2
DA:55,2
DA:56,2
DA:57,2
DA:58,2
DA:59,2
DA:60,2
DA:61,2
DA:62,2
DA:63,2
DA:64,2
DA:65,2
DA:66,2
DA:67,2
DA:68,2
DA:69,2
DA:70,2
DA:71,2
DA:72,2
DA:73,2
DA:74,2
DA:75,2
DA:76,2
DA:77,2
DA:78,2
DA:79,2
DA:80,2
DA:81,2
DA:82,2
DA:83,2
DA:84,2
DA:85,2
DA:86,2
DA:87,2
DA:88,2
DA:89,2
DA:90,2
DA:91,2
DA:92,2
DA:93,2
DA:94,2
DA:95,2
DA:96,2
DA:97,2
DA:98,2
DA:99,2
DA:100,2
DA:101,2
DA:102,2
DA:103,2
DA:104,2
DA:105,2
DA:106,2
DA:107,2
DA:108,2
DA:109,2
DA:110,2
DA:111,2
DA:112,2
DA:113,2
DA:114,2
DA:115,2
DA:116,2
DA:117,2
DA:118,2
DA:119,2
DA:120,2
DA:121,2
DA:122,2
DA:123,2
DA:124,2
DA:125,2
DA:126,2
DA:127,2
DA:128,2
DA:129,2
DA:130,2
DA:131,2
DA:132,2
DA:133,2
DA:134,2
DA:135,2
DA:136,2
DA:137,2
DA:138,2
DA:139,2
DA:140,2
DA:141,2
DA:142,2
DA:143,2
DA:144,2
DA:145,2
DA:146,2
DA:147,2
DA:148,2
DA:149,2
DA:150,2
DA:151,2
DA:152,2
DA:153,2
DA:154,2
DA:155,2
DA:156,2
DA:157,2
DA:158,2
DA:159,2
DA:160,2
DA:161,2
DA:162,2
DA:163,2
DA:164,2
DA:165,2
DA:166,2
DA:167,2
DA:168,2
DA:169,2
DA:170,2
DA:171,2
DA:172,2
DA:173,2
DA:174,2
DA:175,2
DA:176,2
DA:177,2
DA:178,2
DA:179,2
DA:180,2
DA:181,2
DA:182,2
DA:183,2
DA:184,2
DA:185,2
DA:186,2
DA:187,2
DA:188,2
DA:189,2
DA:190,2
DA:191,2
DA:192,2
DA:193,2
DA:194,2
DA:195,2
DA:196,40
DA:197,40
DA:198,40
DA:199,40
DA:200,40
DA:201,2
DA:202,2
DA:203,41
DA:204,11
DA:205,11
DA:206,11
DA:207,11
DA:208,41
DA:209,0
DA:210,0
DA:211,11
DA:212,11
DA:213,11
DA:214,11
DA:215,11
DA:216,11
DA:217,11
DA:218,11
DA:219,11
DA:220,11
DA:221,11
DA:222,11
DA:223,11
DA:224,11
DA:225,11
DA:226,41
DA:227,2
DA:228,2
DA:229,0
DA:230,0
DA:231,0
DA:232,0
DA:233,0
DA:234,0
DA:235,0
DA:236,0
DA:237,0
DA:238,0
DA:239,0
DA:240,0
DA:241,0
DA:242,0
DA:243,0
DA:244,0
DA:245,0
DA:246,0
DA:247,0
DA:248,0
DA:249,0
DA:250,0
DA:251,0
DA:252,0
DA:253,2
DA:254,2
DA:255,1
DA:256,1
DA:257,1
DA:258,1
DA:259,1
DA:260,1
DA:261,1
DA:262,1
DA:263,1
DA:264,1
DA:265,1
DA:266,1
DA:267,1
DA:268,1
DA:269,1
DA:270,1
DA:271,1
DA:272,2
DA:273,2
DA:274,40
DA:275,40
DA:276,40
DA:277,40
DA:278,40
DA:279,40
DA:280,40
DA:281,40
DA:282,40
DA:283,40
DA:284,40
DA:285,40
DA:286,40
DA:287,40
DA:288,40
DA:289,40
DA:290,40
DA:291,40
DA:292,40
DA:293,40
DA:294,40
DA:295,40
DA:296,40
DA:297,40
DA:298,40
DA:299,40
DA:300,40
DA:301,40
DA:302,40
DA:303,40
DA:304,40
DA:305,40
DA:306,40
DA:307,40
DA:308,40
DA:309,40
DA:310,40
DA:311,40
DA:312,40
DA:313,40
DA:314,40
DA:315,40
DA:316,40
DA:317,40
DA:318,40
DA:319,40
DA:320,40
DA:321,40
DA:322,40
DA:323,40
DA:324,40
DA:325,40
DA:326,40
DA:327,40
DA:328,40
DA:329,40
DA:330,40
DA:331,40
DA:332,40
DA:333,10
DA:334,9
DA:335,9
DA:336,9
DA:337,1
DA:338,10
DA:339,10
DA:340,10
DA:341,10
DA:342,10
DA:343,10
DA:344,10
DA:345,10
DA:346,10
DA:347,10
DA:348,10
DA:349,10
DA:350,10
DA:351,10
DA:352,10
DA:353,10
DA:354,10
DA:355,10
DA:356,10
DA:357,10
DA:358,10
DA:359,10
DA:360,10
DA:361,10
DA:362,10
DA:363,30
DA:364,40
DA:365,40
DA:366,40
DA:367,40
DA:368,2
LF:368
LH:342
BRDA:6,0,0,16
BRDA:195,1,0,40
BRDA:196,2,0,27
BRDA:197,3,0,26
BRDA:198,4,0,27
BRDA:199,5,0,16
BRDA:202,6,0,41
BRDA:203,7,0,12
BRDA:203,8,0,11
BRDA:203,9,0,11
BRDA:203,10,0,30
BRDA:203,11,0,11
BRDA:208,12,0,0
BRDA:210,13,0,11
BRDA:254,14,0,1
BRDA:273,15,0,40
BRDA:279,16,0,39
BRDA:287,17,0,39
BRDA:291,18,0,39
BRDA:332,19,0,10
BRDA:333,20,0,9
BRDA:336,21,0,1
BRDA:362,22,0,30
BRDA:281,23,0,80
BRDA:281,24,0,80
BRDA:281,25,0,80
BRF:26
BRH:25
end_of_record
TN:
SF:src/components/componentMaintenanceCalories/index.ts
FNF:0
FNH:0
DA:1,1
LF:1
LH:1
BRF:0
BRH:0
end_of_record
TN:
SF:src/components/componentPieChart/componentPieChart.ts
FN:5,ComponentPieChart
FN:47,render
FNF:2
FNH:2
FNDA:4,ComponentPieChart
FNDA:4,render
DA:1,1
DA:2,1
DA:3,1
DA:4,1
DA:5,4
DA:6,4
DA:7,4
DA:8,4
DA:9,4
DA:10,4
DA:11,4
DA:12,4
DA:13,4
DA:14,4
DA:15,4
DA:16,4
DA:17,4
DA:18,4
DA:19,4
DA:20,4
DA:21,4
DA:22,4
DA:23,4
DA:24,4
DA:25,4
DA:26,4
DA:27,4
DA:28,4
DA:29,4
DA:30,4
DA:31,4
DA:32,4
DA:33,4
DA:34,4
DA:35,4
DA:36,4
DA:37,4
DA:38,4
DA:39,4
DA:40,4
DA:41,4
DA:42,4
DA:43,4
DA:44,4
DA:45,4
DA:46,1
DA:47,1
DA:48,4
DA:49,4
DA:50,4
DA:51,4
DA:52,4
DA:53,4
DA:54,4
DA:55,4
DA:56,4
DA:57,4
DA:58,4
DA:59,4
DA:60,4
DA:61,4
DA:62,4
DA:63,4
DA:64,4
DA:65,4
DA:66,4
DA:67,4
DA:68,4
DA:69,4
DA:70,4
DA:71,4
DA:72,4
DA:73,4
DA:74,1
LF:74
LH:74
BRDA:5,0,0,4
BRDA:47,1,0,4
BRF:2
BRH:2
end_of_record
TN:
SF:src/components/componentProgressBar/componentProgressBar.ts
FN:18,ComponentProgressBar
FN:39,<static_initializer>
FN:132,render
FNF:3
FNH:3
FNDA:9,ComponentProgressBar
FNDA:2,<static_initializer>
FNDA:21,render
DA:1,2
DA:2,2
DA:3,2
DA:4,2
DA:5,2
DA:6,2
DA:7,2
DA:8,2
DA:9,2
DA:10,2
DA:11,2
DA:12,2
DA:13,2
DA:14,2
DA:15,2
DA:16,2
DA:17,2
DA:18,2
DA:19,9
DA:20,9
DA:21,9
DA:22,9
DA:23,9
DA:24,9
DA:25,9
DA:26,9
DA:27,9
DA:28,9
DA:29,9
DA:30,9
DA:31,9
DA:32,9
DA:33,9
DA:34,9
DA:35,9
DA:36,9
DA:37,9
DA:38,2
DA:39,2
DA:40,2
DA:41,2
DA:42,2
DA:43,2
DA:44,2
DA:45,2
DA:46,2
DA:47,2
DA:48,2
DA:49,2
DA:50,2
DA:51,2
DA:52,2
DA:53,2
DA:54,2
DA:55,2
DA:56,2
DA:57,2
DA:58,2
DA:59,2
DA:60,2
DA:61,2
DA:62,2
DA:63,2
DA:64,2
DA:65,2
DA:66,2
DA:67,2
DA:68,2
DA:69,2
DA:70,2
DA:71,2
DA:72,2
DA:73,2
DA:74,2
DA:75,2
DA:76,2
DA:77,2
DA:78,2
DA:79,2
DA:80,2
DA:81,2
DA:82,2
DA:83,2
DA:84,2
DA:85,2
DA:86,2
DA:87,2
DA:88,2
DA:89,2
DA:90,2
DA:91,2
DA:92,2
DA:93,2
DA:94,2
DA:95,2
DA:96,2
DA:97,2
DA:98,2
DA:99,2
DA:100,2
DA:101,2
DA:102,2
DA:103,2
DA:104,2
DA:105,2
DA:106,2
DA:107,2
DA:108,2
DA:109,2
DA:110,2
DA:111,2
DA:112,2
DA:113,2
DA:114,2
DA:115,2
DA:116,2
DA:117,2
DA:118,2
DA:119,2
DA:120,2
DA:121,2
DA:122,2
DA:123,2
DA:124,2
DA:125,2
DA:126,2
DA:127,2
DA:128,2
DA:129,2
DA:130,2
DA:131,2
DA:132,2
DA:133,21
DA:134,21
DA:135,21
DA:136,21
DA:137,21
DA:138,21
DA:139,21
DA:140,21
DA:141,21
DA:142,21
DA:143,21
DA:144,17
DA:145,17
DA:146,17
DA:147,17
DA:148,17
DA:149,17
DA:150,15
DA:151,15
DA:152,15
DA:153,15
DA:154,17
DA:155,21
DA:156,21
DA:157,21
DA:158,21
DA:159,21
DA:160,21
DA:161,21
DA:162,21
DA:163,21
DA:164,3
DA:165,3
DA:166,3
DA:167,3
DA:168,21
DA:169,21
DA:170,21
DA:171,21
DA:172,21
DA:173,0
DA:174,0
DA:175,21
DA:176,21
DA:177,21
DA:178,21
DA:179,21
DA:180,21
DA:181,21
DA:182,21
DA:183,21
DA:184,21
DA:185,21
DA:186,21
DA:187,21
DA:188,21
DA:189,21
DA:190,21
DA:191,21
DA:192,21
DA:193,21
DA:194,21
DA:195,21
DA:196,21
DA:197,21
DA:198,21
DA:199,2
LF:199
LH:197
BRDA:18,0,0,9
BRDA:39,1,0,2
BRDA:132,2,0,21
BRDA:137,3,0,9
BRDA:137,4,0,12
BRDA:143,5,0,4
BRDA:143,6,0,4
BRDA:143,7,0,17
BRDA:144,8,0,15
BRDA:149,9,0,15
BRDA:163,10,0,3
BRDA:171,11,0,15
BRDA:172,12,0,0
BRF:13
BRH:12
end_of_record
TN:
SF:src/components/componentProgressBar/index.ts
FNF:0
FNH:0
DA:1,1
DA:2,1
DA:3,1
DA:4,1
LF:4
LH:4
BRF:0
BRH:0
end_of_record
TN:
SF:src/components/componentSearchInput/componentSearchInput.ts
FN:10,ComponentSearchInput
FN:15,<static_initializer>
FN:70,render
FN:87,_handleInput
FN:92,_handleBlur
FN:100,_handleSearchClick
FN:108,_handleKeyDown
FNF:7
FNH:6
FNDA:9,ComponentSearchInput
FNDA:1,<static_initializer>
FNDA:14,render
FNDA:5,_handleInput
FNDA:2,_handleBlur
FNDA:1,_handleSearchClick
FNDA:0,_handleKeyDown
DA:1,1
DA:2,1
DA:3,1
DA:4,1
DA:5,1
DA:6,1
DA:7,1
DA:8,1
DA:9,1
DA:10,1
DA:11,9
DA:12,9
DA:13,9
DA:14,1
DA:15,1
DA:16,1
DA:17,1
DA:18,1
DA:19,1
DA:20,1
DA:21,1
DA:22,1
DA:23,1
DA:24,1
DA:25,1
DA:26,1
DA:27,1
DA:28,1
DA:29,1
DA:30,1
DA:31,1
DA:32,1
DA:33,1
DA:34,1
DA:35,1
DA:36,1
DA:37,1
DA:38,1
DA:39,1
DA:40,1
DA:41,1
DA:42,1
DA:43,1
DA:44,1
DA:45,1
DA:46,1
DA:47,1
DA:48,1
DA:49,1
DA:50,1
DA:51,1
DA:52,1
DA:53,1
DA:54,1
DA:55,1
DA:56,1
DA:57,1
DA:58,1
DA:59,1
DA:60,1
DA:61,1
DA:62,1
DA:63,1
DA:64,1
DA:65,1
DA:66,1
DA:67,1
DA:68,1
DA:69,1
DA:70,1
DA:71,14
DA:72,14
DA:73,14
DA:74,14
DA:75,14
DA:76,14
DA:77,14
DA:78,14
DA:79,14
DA:80,14
DA:81,14
DA:82,14
DA:83,14
DA:84,14
DA:85,14
DA:86,1
DA:87,1
DA:88,5
DA:89,5
DA:90,5
DA:91,1
DA:92,1
DA:93,2
DA:94,2
DA:95,2
DA:96,2
DA:97,2
DA:98,2
DA:99,1
DA:100,1
DA:101,1
DA:102,1
DA:103,1
DA:104,1
DA:105,1
DA:106,1
DA:107,1
DA:108,1
DA:109,0
DA:110,0
DA:111,0
DA:112,0
DA:113,0
DA:114,0
DA:115,0
DA:116,0
DA:117,1
DA:118,1
DA:119,1
DA:120,1
DA:121,1
DA:122,1
DA:123,1
LF:123
LH:115
BRDA:10,0,0,9
BRDA:15,1,0,1
BRDA:70,2,0,14
BRDA:87,3,0,5
BRDA:92,4,0,2
BRDA:100,5,0,1
BRF:6
BRH:6
end_of_record
TN:
SF:src/components/componentSearchResult/componentSearchResult.ts
FN:14,ComponentSearchResult
FN:28,<static_initializer>
FN:109,render
FN:138,_renderTrashIcon
FN:151,_renderFavoriteIcon
FN:163,_handleElementClick
FN:171,_handleFavoriteClick
FN:179,_handleRemoveClick
FNF:8
FNH:4
FNDA:5,ComponentSearchResult
FNDA:2,<static_initializer>
FNDA:6,render
FNDA:0,_renderTrashIcon
FNDA:6,_renderFavoriteIcon
FNDA:0,_handleElementClick
FNDA:0,_handleFavoriteClick
FNDA:0,_handleRemoveClick
DA:1,2
DA:2,2
DA:3,2
DA:4,2
DA:5,2
DA:6,2
DA:7,2
DA:8,2
DA:9,2
DA:10,2
DA:11,2
DA:12,2
DA:13,2
DA:14,2
DA:15,5
DA:16,5
DA:17,5
DA:18,5
DA:19,5
DA:20,5
DA:21,5
DA:22,5
DA:23,5
DA:24,5
DA:25,5
DA:26,5
DA:27,2
DA:28,2
DA:29,2
DA:30,2
DA:31,2
DA:32,2
DA:33,2
DA:34,2
DA:35,2
DA:36,2
DA:37,2
DA:38,2
DA:39,2
DA:40,2
DA:41,2
DA:42,2
DA:43,2
DA:44,2
DA:45,2
DA:46,2
DA:47,2
DA:48,2
DA:49,2
DA:50,2
DA:51,2
DA:52,2
DA:53,2
DA:54,2
DA:55,2
DA:56,2
DA:57,2
DA:58,2
DA:59,2
DA:60,2
DA:61,2
DA:62,2
DA:63,2
DA:64,2
DA:65,2
DA:66,2
DA:67,2
DA:68,2
DA:69,2
DA:70,2
DA:71,2
DA:72,2
DA:73,2
DA:74,2
DA:75,2
DA:76,2
DA:77,2
DA:78,2
DA:79,2
DA:80,2
DA:81,2
DA:82,2
DA:83,2
DA:84,2
DA:85,2
DA:86,2
DA:87,2
DA:88,2
DA:89,2
DA:90,2
DA:91,2
DA:92,2
DA:93,2
DA:94,2
DA:95,2
DA:96,2
DA:97,2
DA:98,2
DA:99,2
DA:100,2
DA:101,2
DA:102,2
DA:103,2
DA:104,2
DA:105,2
DA:106,2
DA:107,2
DA:108,2
DA:109,2
DA:110,6
DA:111,6
DA:112,6
DA:113,6
DA:114,6
DA:115,6
DA:116,6
DA:117,6
DA:118,6
DA:119,6
DA:120,6
DA:121,0
DA:122,0
DA:123,6
DA:124,6
DA:125,6
DA:126,0
DA:127,0
DA:128,6
DA:129,6
DA:130,6
DA:131,6
DA:132,6
DA:133,6
DA:134,6
DA:135,6
DA:136,6
DA:137,2
DA:138,2
DA:139,0
DA:140,0
DA:141,0
DA:142,0
DA:143,0
DA:144,0
DA:145,0
DA:146,0
DA:147,0
DA:148,0
DA:149,0
DA:150,2
DA:151,2
DA:152,6
DA:153,6
DA:154,6
DA:155,6
DA:156,6
DA:157,6
DA:158,6
DA:159,6
DA:160,6
DA:161,6
DA:162,2
DA:163,2
DA:164,0
DA:165,0
DA:166,0
DA:167,0
DA:168,0
DA:169,0
DA:170,2
DA:171,2
DA:172,0
DA:173,0
DA:174,0
DA:175,0
DA:176,0
DA:177,0
DA:178,2
DA:179,2
DA:180,0
DA:181,0
DA:182,0
DA:183,0
DA:184,0
DA:185,0
DA:186,0
DA:187,2
LF:187
LH:153
BRDA:14,0,0,5
BRDA:28,1,0,2
BRDA:109,2,0,6
BRDA:117,3,0,0
BRDA:118,4,0,0
BRDA:120,5,0,0
BRDA:120,6,0,0
BRDA:125,7,0,0
BRDA:151,8,0,6
BRDA:154,9,0,1
BRDA:154,10,0,5
BRF:11
BRH:6
end_of_record
TN:
SF:src/components/componentSearchResult/index.ts
FNF:0
FNH:0
DA:1,1
DA:2,1
DA:3,1
DA:4,1
DA:5,1
DA:6,1
LF:6
LH:6
BRF:0
BRH:0
end_of_record
TN:
SF:src/components/componentSlider/componentSlider.ts
FN:6,ComponentSlider
FN:130,updateTooltipPosition
FN:143,formatValue
FN:152,handleInput
FN:164,handlePointerDown
FN:169,handlePointerUp
FN:173,get currentTheme
FN:177,render
FNF:8
FNH:8
FNDA:16,ComponentSlider
FNDA:3,updateTooltipPosition
FNDA:20,formatValue
FNDA:1,handleInput
FNDA:2,handlePointerDown
FNDA:1,handlePointerUp
FNDA:20,get currentTheme
FNDA:20,render
DA:1,3
DA:2,3
DA:3,3
DA:4,3
DA:5,3
DA:6,16
DA:7,16
DA:8,16
DA:9,16
DA:10,16
DA:11,16
DA:12,16
DA:13,16
DA:14,16
DA:15,16
DA:16,16
DA:17,16
DA:18,16
DA:19,16
DA:20,16
DA:21,16
DA:22,16
DA:23,16
DA:24,16
DA:25,16
DA:26,16
DA:27,16
DA:28,16
DA:29,16
DA:30,16
DA:31,16
DA:32,16
DA:33,16
DA:34,16
DA:35,16
DA:36,16
DA:37,16
DA:38,16
DA:39,16
DA:40,16
DA:41,16
DA:42,16
DA:43,16
DA:44,16
DA:45,16
DA:46,16
DA:47,16
DA:48,16
DA:49,16
DA:50,16
DA:51,16
DA:52,16
DA:53,16
DA:54,16
DA:55,16
DA:56,16
DA:57,16
DA:58,16
DA:59,16
DA:60,16
DA:61,16
DA:62,16
DA:63,16
DA:64,16
DA:65,16
DA:66,16
DA:67,16
DA:68,16
DA:69,16
DA:70,16
DA:71,16
DA:72,16
DA:73,16
DA:74,16
DA:75,16
DA:76,16
DA:77,16
DA:78,16
DA:79,16
DA:80,16
DA:81,16
DA:82,16
DA:83,16
DA:84,16
DA:85,16
DA:86,16
DA:87,16
DA:88,16
DA:89,16
DA:90,16
DA:91,16
DA:92,16
DA:93,16
DA:94,16
DA:95,16
DA:96,16
DA:97,16
DA:98,16
DA:99,16
DA:100,16
DA:101,16
DA:102,16
DA:103,16
DA:104,16
DA:105,16
DA:106,16
DA:107,16
DA:108,16
DA:109,16
DA:110,16
DA:111,16
DA:112,16
DA:113,16
DA:114,16
DA:115,16
DA:116,16
DA:117,16
DA:118,16
DA:119,16
DA:120,16
DA:121,16
DA:122,16
DA:123,16
DA:124,16
DA:125,16
DA:126,16
DA:127,16
DA:128,16
DA:129,3
DA:130,3
DA:131,3
DA:132,3
DA:133,3
DA:134,3
DA:135,3
DA:136,3
DA:137,3
DA:138,3
DA:139,3
DA:140,3
DA:141,3
DA:142,3
DA:143,3
DA:144,20
DA:145,3
DA:146,3
DA:147,3
DA:148,3
DA:149,17
DA:150,20
DA:151,3
DA:152,3
DA:153,1
DA:154,1
DA:155,1
DA:156,1
DA:157,1
DA:158,1
DA:159,1
DA:160,1
DA:161,1
DA:162,1
DA:163,3
DA:164,3
DA:165,2
DA:166,2
DA:167,2
DA:168,3
DA:169,3
DA:170,1
DA:171,1
DA:172,3
DA:173,3
DA:174,20
DA:175,20
DA:176,3
DA:177,3
DA:178,20
DA:179,20
DA:180,20
DA:181,20
DA:182,20
DA:183,20
DA:184,20
DA:185,20
DA:186,20
DA:187,20
DA:188,20
DA:189,20
DA:190,20
DA:191,20
DA:192,20
DA:193,20
DA:194,20
DA:195,20
DA:196,20
DA:197,20
DA:198,20
DA:199,20
DA:200,20
DA:201,0
DA:202,20
DA:203,20
DA:204,20
DA:205,20
DA:206,3
LF:206
LH:205
BRDA:6,0,0,16
BRDA:130,1,0,3
BRDA:132,2,0,0
BRDA:143,3,0,20
BRDA:144,4,0,3
BRDA:152,5,0,1
BRDA:164,6,0,2
BRDA:169,7,0,1
BRDA:173,8,0,20
BRDA:177,9,0,20
BRDA:181,10,0,2
BRDA:181,11,0,18
BRDA:197,12,0,0
BRDA:200,13,0,0
BRDA:148,14,0,17
BRDA:174,15,0,11
BRDA:174,16,0,11
BRF:17
BRH:14
end_of_record
TN:
SF:src/components/componentSlider/index.ts
FNF:0
FNH:0
DA:1,2
DA:2,2
LF:2
LH:2
BRF:0
BRH:0
end_of_record
TN:
SF:src/components/componentSpinner/componentSpinner.ts
FN:4,<static_initializer>
FN:28,render
FNF:2
FNH:2
FNDA:1,<static_initializer>
FNDA:3,render
DA:1,1
DA:2,1
DA:3,1
DA:4,1
DA:5,1
DA:6,1
DA:7,1
DA:8,1
DA:9,1
DA:10,1
DA:11,1
DA:12,1
DA:13,1
DA:14,1
DA:15,1
DA:16,1
DA:17,1
DA:18,1
DA:19,1
DA:20,1
DA:21,1
DA:22,1
DA:23,1
DA:24,1
DA:25,1
DA:26,1
DA:27,1
DA:28,1
DA:29,3
DA:30,3
DA:31,1
LF:31
LH:31
BRDA:4,0,0,1
BRDA:28,1,0,3
BRF:2
BRH:2
end_of_record
TN:
SF:src/components/componentSpinner/index.ts
FNF:0
FNH:0
DA:1,1
DA:2,1
DA:3,1
DA:4,1
LF:4
LH:4
BRF:0
BRH:0
end_of_record
TN:
SF:src/components/componentUserStatus/componentUserStatus.ts
FN:5,ComponentUserStatus
FN:28,<static_initializer>
FN:134,updated
FN:140,openModal
FN:151,closeModal
FN:155,saveChanges
FN:181,handleInputChange
FN:190,formatTime
FN:196,render
FNF:9
FNH:9
FNDA:8,ComponentUserStatus
FNDA:2,<static_initializer>
FNDA:15,updated
FNDA:3,openModal
FNDA:2,closeModal
FNDA:2,saveChanges
FNDA:1,handleInputChange
FNDA:6,formatTime
FNDA:15,render
DA:1,2
DA:2,2
DA:3,2
DA:4,2
DA:5,8
DA:6,8
DA:7,8
DA:8,8
DA:9,8
DA:10,8
DA:11,8
DA:12,8
DA:13,8
DA:14,8
DA:15,8
DA:16,8
DA:17,8
DA:18,8
DA:19,8
DA:20,8
DA:21,8
DA:22,8
DA:23,8
DA:24,8
DA:25,8
DA:26,8
DA:27,2
DA:28,2
DA:29,2
DA:30,2
DA:31,2
DA:32,2
DA:33,2
DA:34,2
DA:35,2
DA:36,2
DA:37,2
DA:38,2
DA:39,2
DA:40,2
DA:41,2
DA:42,2
DA:43,2
DA:44,2
DA:45,2
DA:46,2
DA:47,2
DA:48,2
DA:49,2
DA:50,2
DA:51,2
DA:52,2
DA:53,2
DA:54,2
DA:55,2
DA:56,2
DA:57,2
DA:58,2
DA:59,2
DA:60,2
DA:61,2
DA:62,2
DA:63,2
DA:64,2
DA:65,2
DA:66,2
DA:67,2
DA:68,2
DA:69,2
DA:70,2
DA:71,2
DA:72,2
DA:73,2
DA:74,2
DA:75,2
DA:76,2
DA:77,2
DA:78,2
DA:79,2
DA:80,2
DA:81,2
DA:82,2
DA:83,2
DA:84,2
DA:85,2
DA:86,2
DA:87,2
DA:88,2
DA:89,2
DA:90,2
DA:91,2
DA:92,2
DA:93,2
DA:94,2
DA:95,2
DA:96,2
DA:97,2
DA:98,2
DA:99,2
DA:100,2
DA:101,2
DA:102,2
DA:103,2
DA:104,2
DA:105,2
DA:106,2
DA:107,2
DA:108,2
DA:109,2
DA:110,2
DA:111,2
DA:112,2
DA:113,2
DA:114,2
DA:115,2
DA:116,2
DA:117,2
DA:118,2
DA:119,2
DA:120,2
DA:121,2
DA:122,2
DA:123,2
DA:124,2
DA:125,2
DA:126,2
DA:127,2
DA:128,2
DA:129,2
DA:130,2
DA:131,2
DA:132,2
DA:133,2
DA:134,2
DA:135,15
DA:136,0
DA:137,0
DA:138,15
DA:139,2
DA:140,2
DA:141,3
DA:142,3
DA:143,3
DA:144,3
DA:145,3
DA:146,3
DA:147,3
DA:148,3
DA:149,3
DA:150,2
DA:151,2
DA:152,2
DA:153,2
DA:154,2
DA:155,2
DA:156,2
DA:157,2
DA:158,2
DA:159,2
DA:160,2
DA:161,2
DA:162,2
DA:163,2
DA:164,2
DA:165,2
DA:166,2
DA:167,2
DA:168,2
DA:169,2
DA:170,2
DA:171,2
DA:172,2
DA:173,2
DA:174,2
DA:175,2
DA:176,2
DA:177,2
DA:178,2
DA:179,2
DA:180,2
DA:181,2
DA:182,1
DA:183,1
DA:184,1
DA:185,1
DA:186,0
DA:187,0
DA:188,1
DA:189,2
DA:190,2
DA:191,6
DA:192,6
DA:193,6
DA:194,6
DA:195,2
DA:196,2
DA:197,15
DA:198,15
DA:199,15
DA:200,15
DA:201,15
DA:202,15
DA:203,15
DA:204,15
DA:205,15
DA:206,15
DA:207,15
DA:208,15
DA:209,15
DA:210,15
DA:211,15
DA:212,15
DA:213,15
DA:214,15
DA:215,15
DA:216,15
DA:217,15
DA:218,15
DA:219,15
DA:220,15
DA:221,15
DA:222,15
DA:223,15
DA:224,15
DA:225,15
DA:226,15
DA:227,3
DA:228,3
DA:229,3
DA:230,3
DA:231,3
DA:232,3
DA:233,3
DA:234,3
DA:235,3
DA:236,3
DA:237,3
DA:238,3
DA:239,3
DA:240,3
DA:241,3
DA:242,3
DA:243,3
DA:244,3
DA:245,3
DA:246,3
DA:247,3
DA:248,3
DA:249,3
DA:250,3
DA:251,3
DA:252,3
DA:253,3
DA:254,3
DA:255,3
DA:256,3
DA:257,3
DA:258,3
DA:259,3
DA:260,3
DA:261,3
DA:262,3
DA:263,3
DA:264,3
DA:265,3
DA:266,3
DA:267,3
DA:268,3
DA:269,3
DA:270,3
DA:271,3
DA:272,3
DA:273,3
DA:274,3
DA:275,3
DA:276,3
DA:277,3
DA:278,3
DA:279,3
DA:280,3
DA:281,3
DA:282,3
DA:283,3
DA:284,3
DA:285,3
DA:286,3
DA:287,3
DA:288,3
DA:289,3
DA:290,3
DA:291,3
DA:292,3
DA:293,3
DA:294,3
DA:295,3
DA:296,3
DA:297,3
DA:298,3
DA:299,3
DA:300,3
DA:301,3
DA:302,3
DA:303,3
DA:304,3
DA:305,3
DA:306,3
DA:307,3
DA:308,3
DA:309,3
DA:310,12
DA:311,12
DA:312,12
DA:313,12
DA:314,15
DA:315,15
DA:316,15
DA:317,2
LF:317
LH:313
BRDA:5,0,0,8
BRDA:28,1,0,2
BRDA:134,2,0,15
BRDA:135,3,0,8
BRDA:135,4,0,0
BRDA:140,5,0,3
BRDA:151,6,0,2
BRDA:155,7,0,2
BRDA:181,8,0,1
BRDA:185,9,0,0
BRDA:190,10,0,6
BRDA:196,11,0,15
BRDA:199,12,0,2
BRDA:199,13,0,13
BRDA:202,14,0,3
BRDA:202,15,0,12
BRDA:206,16,0,3
BRDA:206,17,0,12
BRDA:210,18,0,3
BRDA:210,19,0,12
BRDA:214,20,0,3
BRDA:214,21,0,12
BRDA:218,22,0,3
BRDA:218,23,0,12
BRDA:222,24,0,0
BRDA:226,25,0,3
BRDA:309,26,0,12
BRDA:228,27,0,2
BRDA:304,28,0,1
BRF:29
BRH:26
end_of_record
TN:
SF:src/components/componentUserStatus/index.ts
FNF:0
FNH:0
DA:1,2
DA:2,2
DA:3,2
DA:4,2
DA:5,2
LF:5
LH:5
BRF:0
BRH:0
end_of_record
TN:
SF:src/components/pageFood/pageFood.ts
FN:11,PageFood
FN:263,onPageInit
FN:305,_initNewProduct
FN:328,_toggleFavorite
FN:340,_handleGramsChange
FN:348,_calculateNutrient
FN:353,_toggleEditMode
FN:365,_handleNutrientChange
FN:383,_handleNameChange
FN:390,_handleBrandChange
FN:397,_saveEdit
FN:411,_addToDiary
FN:444,_addToMeal
FN:483,render
FN:582,html.mealId.html.selectedCategory
FNF:15
FNH:6
FNDA:7,PageFood
FNDA:7,onPageInit
FNDA:0,_initNewProduct
FNDA:1,_toggleFavorite
FNDA:1,_handleGramsChange
FNDA:36,_calculateNutrient
FNDA:0,_toggleEditMode
FNDA:0,_handleNutrientChange
FNDA:0,_handleNameChange
FNDA:0,_handleBrandChange
FNDA:0,_saveEdit
FNDA:0,_addToDiary
FNDA:0,_addToMeal
FNDA:19,render
FNDA:0,html.mealId.html.selectedCategory
DA:1,1
DA:2,1
DA:3,1
DA:4,1
DA:5,1
DA:6,1
DA:7,1
DA:8,1
DA:9,1
DA:10,1
DA:11,7
DA:12,7
DA:13,7
DA:14,7
DA:15,7
DA:16,7
DA:17,7
DA:18,7
DA:19,7
DA:20,7
DA:21,7
DA:22,7
DA:23,7
DA:24,7
DA:25,7
DA:26,7
DA:27,7
DA:28,7
DA:29,7
DA:30,7
DA:31,7
DA:32,7
DA:33,7
DA:34,7
DA:35,7
DA:36,7
DA:37,7
DA:38,7
DA:39,7
DA:40,7
DA:41,7
DA:42,7
DA:43,7
DA:44,7
DA:45,7
DA:46,7
DA:47,7
DA:48,7
DA:49,7
DA:50,7
DA:51,7
DA:52,7
DA:53,7
DA:54,7
DA:55,7
DA:56,7
DA:57,7
DA:58,7
DA:59,7
DA:60,7
DA:61,7
DA:62,7
DA:63,7
DA:64,7
DA:65,7
DA:66,7
DA:67,7
DA:68,7
DA:69,7
DA:70,7
DA:71,7
DA:72,7
DA:73,7
DA:74,7
DA:75,7
DA:76,7
DA:77,7
DA:78,7
DA:79,7
DA:80,7
DA:81,7
DA:82,7
DA:83,7
DA:84,7
DA:85,7
DA:86,7
DA:87,7
DA:88,7
DA:89,7
DA:90,7
DA:91,7
DA:92,7
DA:93,7
DA:94,7
DA:95,7
DA:96,7
DA:97,7
DA:98,7
DA:99,7
DA:100,7
DA:101,7
DA:102,7
DA:103,7
DA:104,7
DA:105,7
DA:106,7
DA:107,7
DA:108,7
DA:109,7
DA:110,7
DA:111,7
DA:112,7
DA:113,7
DA:114,7
DA:115,7
DA:116,7
DA:117,7
DA:118,7
DA:119,7
DA:120,7
DA:121,7
DA:122,7
DA:123,7
DA:124,7
DA:125,7
DA:126,7
DA:127,7
DA:128,7
DA:129,7
DA:130,7
DA:131,7
DA:132,7
DA:133,7
DA:134,7
DA:135,7
DA:136,7
DA:137,7
DA:138,7
DA:139,7
DA:140,7
DA:141,7
DA:142,7
DA:143,7
DA:144,7
DA:145,7
DA:146,7
DA:147,7
DA:148,7
DA:149,7
DA:150,7
DA:151,7
DA:152,7
DA:153,7
DA:154,7
DA:155,7
DA:156,7
DA:157,7
DA:158,7
DA:159,7
DA:160,7
DA:161,7
DA:162,7
DA:163,7
DA:164,7
DA:165,7
DA:166,7
DA:167,7
DA:168,7
DA:169,7
DA:170,7
DA:171,7
DA:172,7
DA:173,7
DA:174,7
DA:175,7
DA:176,7
DA:177,7
DA:178,7
DA:179,7
DA:180,7
DA:181,7
DA:182,7
DA:183,7
DA:184,7
DA:185,7
DA:186,7
DA:187,7
DA:188,7
DA:189,7
DA:190,7
DA:191,7
DA:192,7
DA:193,7
DA:194,7
DA:195,7
DA:196,7
DA:197,7
DA:198,7
DA:199,7
DA:200,7
DA:201,7
DA:202,7
DA:203,7
DA:204,7
DA:205,7
DA:206,7
DA:207,7
DA:208,7
DA:209,7
DA:210,7
DA:211,7
DA:212,7
DA:213,7
DA:214,7
DA:215,7
DA:216,7
DA:217,7
DA:218,7
DA:219,7
DA:220,7
DA:221,7
DA:222,7
DA:223,7
DA:224,7
DA:225,7
DA:226,7
DA:227,7
DA:228,7
DA:229,7
DA:230,7
DA:231,7
DA:232,7
DA:233,7
DA:234,7
DA:235,7
DA:236,7
DA:237,7
DA:238,7
DA:239,7
DA:240,7
DA:241,7
DA:242,7
DA:243,7
DA:244,7
DA:245,7
DA:246,7
DA:247,7
DA:248,7
DA:249,7
DA:250,7
DA:251,7
DA:252,7
DA:253,7
DA:254,7
DA:255,7
DA:256,7
DA:257,7
DA:258,7
DA:259,7
DA:260,7
DA:261,7
DA:262,1
DA:263,1
DA:264,7
DA:265,7
DA:266,7
DA:267,7
DA:268,7
DA:269,7
DA:270,7
DA:271,7
DA:272,7
DA:273,7
DA:274,7
DA:275,7
DA:276,7
DA:277,5
DA:278,5
DA:279,0
DA:280,0
DA:281,5
DA:282,7
DA:283,2
DA:284,2
DA:285,2
DA:286,2
DA:287,0
DA:288,0
DA:289,2
DA:290,2
DA:291,0
DA:292,0
DA:293,2
DA:294,7
DA:295,0
DA:296,0
DA:297,7
DA:298,7
DA:299,7
DA:300,7
DA:301,0
DA:302,0
DA:303,7
DA:304,1
DA:305,1
DA:306,0
DA:307,0
DA:308,0
DA:309,0
DA:310,0
DA:311,0
DA:312,0
DA:313,0
DA:314,0
DA:315,0
DA:316,0
DA:317,0
DA:318,0
DA:319,0
DA:320,0
DA:321,0
DA:322,0
DA:323,0
DA:324,0
DA:325,0
DA:326,0
DA:327,1
DA:328,1
DA:329,1
DA:330,1
DA:331,1
DA:332,0
DA:333,0
DA:334,1
DA:335,1
DA:336,1
DA:337,1
DA:338,1
DA:339,1
DA:340,1
DA:341,1
DA:342,1
DA:343,1
DA:344,1
DA:345,1
DA:346,1
DA:347,1
DA:348,1
DA:349,36
DA:350,36
DA:351,36
DA:352,1
DA:353,1
DA:354,0
DA:355,0
DA:356,0
DA:357,0
DA:358,0
DA:359,0
DA:360,0
DA:361,0
DA:362,0
DA:363,0
DA:364,1
DA:365,1
DA:366,0
DA:367,0
DA:368,0
DA:369,0
DA:370,0
DA:371,0
DA:372,0
DA:373,0
DA:374,0
DA:375,0
DA:376,0
DA:377,0
DA:378,0
DA:379,0
DA:380,0
DA:381,0
DA:382,1
DA:383,1
DA:384,0
DA:385,0
DA:386,0
DA:387,0
DA:388,0
DA:389,1
DA:390,1
DA:391,0
DA:392,0
DA:393,0
DA:394,0
DA:395,0
DA:396,1
DA:397,1
DA:398,0
DA:399,0
DA:400,0
DA:401,0
DA:402,0
DA:403,0
DA:404,0
DA:405,0
DA:406,0
DA:407,0
DA:408,0
DA:409,0
DA:410,1
DA:411,1
DA:412,0
DA:413,0
DA:414,0
DA:415,0
DA:416,0
DA:417,0
DA:418,0
DA:419,0
DA:420,0
DA:421,0
DA:422,0
DA:423,0
DA:424,0
DA:425,0
DA:426,0
DA:427,0
DA:428,0
DA:429,0
DA:430,0
DA:431,0
DA:432,0
DA:433,0
DA:434,0
DA:435,0
DA:436,0
DA:437,0
DA:438,0
DA:439,0
DA:440,0
DA:441,0
DA:442,0
DA:443,1
DA:444,1
DA:445,0
DA:446,0
DA:447,0
DA:448,0
DA:449,0
DA:450,0
DA:451,0
DA:452,0
DA:453,0
DA:454,0
DA:455,0
DA:456,0
DA:457,0
DA:458,0
DA:459,0
DA:460,0
DA:461,0
DA:462,0
DA:463,0
DA:464,0
DA:465,0
DA:466,0
DA:467,0
DA:468,0
DA:469,0
DA:470,0
DA:471,0
DA:472,0
DA:473,0
DA:474,0
DA:475,0
DA:476,0
DA:477,0
DA:478,0
DA:479,0
DA:480,0
DA:481,0
DA:482,1
DA:483,1
DA:484,19
DA:485,10
DA:486,10
DA:487,10
DA:488,10
DA:489,10
DA:490,10
DA:491,10
DA:492,10
DA:493,9
DA:494,19
DA:495,0
DA:496,0
DA:497,0
DA:498,0
DA:499,0
DA:500,0
DA:501,9
DA:502,19
DA:503,0
DA:504,0
DA:505,9
DA:506,9
DA:507,9
DA:508,9
DA:509,9
DA:510,19
DA:511,19
DA:512,19
DA:513,19
DA:514,19
DA:515,0
DA:516,0
DA:517,0
DA:518,0
DA:519,0
DA:520,0
DA:521,0
DA:522,0
DA:523,0
DA:524,0
DA:525,0
DA:526,0
DA:527,0
DA:528,0
DA:529,0
DA:530,9
DA:531,9
DA:532,9
DA:533,9
DA:534,9
DA:535,9
DA:536,9
DA:537,19
DA:538,19
DA:539,19
DA:540,19
DA:541,9
DA:542,9
DA:543,9
DA:544,9
DA:545,9
DA:546,9
DA:547,9
DA:548,0
DA:549,0
DA:550,0
DA:551,0
DA:552,0
DA:553,0
DA:554,19
DA:555,19
DA:556,19
DA:557,19
DA:558,19
DA:559,9
DA:560,9
DA:561,0
DA:562,19
DA:563,19
DA:564,19
DA:565,19
DA:566,19
DA:567,19
DA:568,19
DA:569,19
DA:570,19
DA:571,19
DA:572,19
DA:573,19
DA:574,19
DA:575,19
DA:576,9
DA:577,9
DA:578,9
DA:579,9
DA:580,9
DA:581,9
DA:582,9
DA:583,9
DA:584,9
DA:585,9
DA:586,9
DA:587,9
DA:588,9
DA:589,9
DA:590,9
DA:591,9
DA:592,9
DA:593,9
DA:594,9
DA:595,9
DA:596,9
DA:597,9
DA:598,9
DA:599,9
DA:600,0
DA:601,0
DA:602,0
DA:603,19
DA:604,19
DA:605,19
DA:606,19
DA:607,19
DA:608,19
DA:609,19
DA:610,19
DA:611,19
DA:612,19
DA:613,19
DA:614,19
DA:615,19
DA:616,19
DA:617,19
DA:618,19
DA:619,19
DA:620,19
DA:621,19
DA:622,19
DA:623,19
DA:624,19
DA:625,19
DA:626,0
DA:627,19
DA:628,19
DA:629,19
DA:630,19
DA:631,19
DA:632,19
DA:633,19
DA:634,0
DA:635,19
DA:636,19
DA:637,19
DA:638,19
DA:639,19
DA:640,19
DA:641,19
DA:642,0
DA:643,19
DA:644,19
DA:645,19
DA:646,19
DA:647,19
DA:648,19
DA:649,19
DA:650,0
DA:651,19
DA:652,19
DA:653,19
DA:654,19
DA:655,19
DA:656,19
DA:657,19
DA:658,0
DA:659,0
DA:660,0
DA:661,0
DA:662,0
DA:663,9
DA:664,9
DA:665,0
DA:666,0
DA:667,0
DA:668,0
DA:669,0
DA:670,9
DA:671,9
DA:672,9
DA:673,9
DA:674,9
DA:675,9
DA:676,9
DA:677,19
DA:678,19
DA:679,19
DA:680,19
DA:681,19
DA:682,19
DA:683,1
DA:684,1
DA:685,1
DA:686,1
DA:687,1
DA:688,1
DA:689,1
LF:689
LH:493
BRDA:11,0,0,7
BRDA:263,1,0,7
BRDA:276,2,0,5
BRDA:278,3,0,0
BRDA:282,4,0,2
BRDA:286,5,0,0
BRDA:290,6,0,0
BRDA:294,7,0,0
BRDA:300,8,0,0
BRDA:328,9,0,1
BRDA:329,10,0,0
BRDA:331,11,0,0
BRDA:340,12,0,1
BRDA:348,13,0,36
BRDA:349,14,0,0
BRDA:483,15,0,19
BRDA:484,16,0,10
BRDA:492,17,0,9
BRDA:494,18,0,0
BRDA:500,19,0,9
BRDA:502,20,0,0
BRDA:504,21,0,9
BRDA:510,22,0,0
BRDA:514,23,0,0
BRDA:529,24,0,9
BRDA:535,25,0,0
BRDA:536,26,0,0
BRDA:540,27,0,9
BRDA:544,28,0,2
BRDA:544,29,0,7
BRDA:547,30,0,2
BRDA:547,31,0,7
BRDA:547,32,0,0
BRDA:558,33,0,9
BRDA:560,34,0,0
BRDA:560,35,0,0
BRDA:575,36,0,9
BRDA:599,37,0,0
BRDA:608,38,0,0
BRDA:608,39,0,9
BRDA:608,40,0,9
BRDA:608,41,0,0
BRDA:609,42,0,0
BRDA:609,43,0,9
BRDA:609,44,0,9
BRDA:609,45,0,0
BRDA:610,46,0,0
BRDA:610,47,0,9
BRDA:610,48,0,9
BRDA:610,49,0,0
BRDA:614,50,0,0
BRDA:614,51,0,9
BRDA:614,52,0,9
BRDA:614,53,0,0
BRDA:625,54,0,0
BRDA:626,55,0,9
BRDA:629,56,0,0
BRDA:629,57,0,9
BRDA:633,58,0,0
BRDA:634,59,0,9
BRDA:637,60,0,0
BRDA:637,61,0,9
BRDA:641,62,0,0
BRDA:642,63,0,9
BRDA:645,64,0,0
BRDA:645,65,0,9
BRDA:649,66,0,0
BRDA:650,67,0,9
BRDA:653,68,0,0
BRDA:653,69,0,9
BRDA:657,70,0,0
BRDA:662,71,0,9
BRDA:664,72,0,0
BRF:73
BRH:37
end_of_record
TN:
SF:src/components/pageHome/index.ts
FNF:0
FNH:0
DA:1,1
DA:2,1
DA:3,1
DA:4,1
DA:5,1
DA:6,1
DA:7,1
DA:8,1
DA:9,1
DA:10,1
DA:11,1
LF:11
LH:11
BRF:0
BRH:0
end_of_record
TN:
SF:src/components/pageHome/pageHome.ts
FN:6,PageHome
FN:157,handleSwipe
FN:185,firstUpdated
FN:191,onPageInit
FN:200,loadUserProfile
FN:224,loadData
FN:237,calculateTotals
FN:266,changeDate
FN:273,_handleDateChange
FN:281,_handleDateDisplayClick
FN:292,getFormattedDate
FN:296,resetTime
FN:311,render
FN:399,_handleRemoveItem
FN:409,_handleStatusChanged
FN:430,_handleElementClick
FN:438,renderCategory
FNF:17
FNH:10
FNDA:3,PageHome
FNDA:0,handleSwipe
FNDA:3,firstUpdated
FNDA:3,onPageInit
FNDA:3,loadUserProfile
FNDA:3,loadData
FNDA:3,calculateTotals
FNDA:0,changeDate
FNDA:0,_handleDateChange
FNDA:0,_handleDateDisplayClick
FNDA:9,getFormattedDate
FNDA:18,resetTime
FNDA:9,render
FNDA:0,_handleRemoveItem
FNDA:0,_handleStatusChanged
FNDA:0,_handleElementClick
FNDA:54,renderCategory
DA:1,1
DA:2,1
DA:3,1
DA:4,1
DA:5,1
DA:6,3
DA:7,3
DA:8,3
DA:9,3
DA:10,3
DA:11,3
DA:12,3
DA:13,3
DA:14,3
DA:15,3
DA:16,3
DA:17,3
DA:18,3
DA:19,3
DA:20,3
DA:21,3
DA:22,3
DA:23,3
DA:24,3
DA:25,3
DA:26,3
DA:27,3
DA:28,3
DA:29,3
DA:30,3
DA:31,3
DA:32,3
DA:33,3
DA:34,3
DA:35,3
DA:36,3
DA:37,3
DA:38,3
DA:39,3
DA:40,3
DA:41,3
DA:42,3
DA:43,3
DA:44,3
DA:45,3
DA:46,3
DA:47,3
DA:48,3
DA:49,3
DA:50,3
DA:51,3
DA:52,3
DA:53,3
DA:54,3
DA:55,3
DA:56,3
DA:57,3
DA:58,3
DA:59,3
DA:60,3
DA:61,3
DA:62,3
DA:63,3
DA:64,3
DA:65,3
DA:66,3
DA:67,3
DA:68,3
DA:69,3
DA:70,3
DA:71,3
DA:72,3
DA:73,3
DA:74,3
DA:75,3
DA:76,3
DA:77,3
DA:78,3
DA:79,3
DA:80,3
DA:81,3
DA:82,3
DA:83,3
DA:84,3
DA:85,3
DA:86,3
DA:87,3
DA:88,3
DA:89,3
DA:90,3
DA:91,3
DA:92,3
DA:93,3
DA:94,3
DA:95,3
DA:96,3
DA:97,3
DA:98,3
DA:99,3
DA:100,3
DA:101,3
DA:102,3
DA:103,3
DA:104,3
DA:105,3
DA:106,3
DA:107,3
DA:108,3
DA:109,3
DA:110,3
DA:111,3
DA:112,3
DA:113,3
DA:114,3
DA:115,3
DA:116,3
DA:117,3
DA:118,3
DA:119,3
DA:120,3
DA:121,3
DA:122,3
DA:123,3
DA:124,3
DA:125,3
DA:126,3
DA:127,3
DA:128,3
DA:129,3
DA:130,3
DA:131,3
DA:132,3
DA:133,3
DA:134,3
DA:135,3
DA:136,3
DA:137,3
DA:138,3
DA:139,3
DA:140,3
DA:141,3
DA:142,3
DA:143,3
DA:144,3
DA:145,3
DA:146,3
DA:147,3
DA:148,3
DA:149,3
DA:150,3
DA:151,3
DA:152,3
DA:153,3
DA:154,3
DA:155,3
DA:156,1
DA:157,1
DA:158,0
DA:159,0
DA:160,0
DA:161,0
DA:162,0
DA:163,0
DA:164,0
DA:165,0
DA:166,0
DA:167,0
DA:168,0
DA:169,0
DA:170,0
DA:171,0
DA:172,0
DA:173,0
DA:174,0
DA:175,0
DA:176,0
DA:177,0
DA:178,0
DA:179,0
DA:180,0
DA:181,0
DA:182,0
DA:183,0
DA:184,1
DA:185,1
DA:186,3
DA:187,3
DA:188,3
DA:189,3
DA:190,1
DA:191,1
DA:192,3
DA:193,3
DA:194,0
DA:195,0
DA:196,0
DA:197,0
DA:198,3
DA:199,1
DA:200,1
DA:201,3
DA:202,3
DA:203,0
DA:204,0
DA:205,0
DA:206,0
DA:207,0
DA:208,0
DA:209,0
DA:210,0
DA:211,0
DA:212,0
DA:213,0
DA:214,0
DA:215,0
DA:216,0
DA:217,0
DA:218,0
DA:219,0
DA:220,0
DA:221,0
DA:222,3
DA:223,1
DA:224,1
DA:225,3
DA:226,3
DA:227,3
DA:228,3
DA:229,3
DA:230,3
DA:231,0
DA:232,3
DA:233,3
DA:234,3
DA:235,3
DA:236,1
DA:237,1
DA:238,3
DA:239,0
DA:240,0
DA:241,0
DA:242,3
DA:243,3
DA:244,3
DA:245,3
DA:246,3
DA:247,3
DA:248,18
DA:249,0
DA:250,0
DA:251,0
DA:252,0
DA:253,0
DA:254,0
DA:255,18
DA:256,3
DA:257,3
DA:258,3
DA:259,3
DA:260,3
DA:261,3
DA:262,3
DA:263,3
DA:264,3
DA:265,1
DA:266,1
DA:267,0
DA:268,0
DA:269,0
DA:270,0
DA:271,0
DA:272,1
DA:273,1
DA:274,0
DA:275,0
DA:276,0
DA:277,0
DA:278,0
DA:279,0
DA:280,1
DA:281,1
DA:282,0
DA:283,0
DA:284,0
DA:285,0
DA:286,0
DA:287,0
DA:288,0
DA:289,0
DA:290,0
DA:291,1
DA:292,1
DA:293,9
DA:294,9
DA:295,9
DA:296,9
DA:297,9
DA:298,9
DA:299,9
DA:300,9
DA:301,9
DA:302,9
DA:303,9
DA:304,9
DA:305,0
DA:306,0
DA:307,0
DA:308,0
DA:309,9
DA:310,1
DA:311,1
DA:312,9
DA:313,9
DA:314,9
DA:315,9
DA:316,9
DA:317,9
DA:318,9
DA:319,9
DA:320,9
DA:321,9
DA:322,9
DA:323,9
DA:324,9
DA:325,0
DA:326,0
DA:327,0
DA:328,0
DA:329,0
DA:330,0
DA:331,0
DA:332,0
DA:333,0
DA:334,0
DA:335,0
DA:336,9
DA:337,9
DA:338,9
DA:339,9
DA:340,9
DA:341,9
DA:342,9
DA:343,9
DA:344,9
DA:345,9
DA:346,9
DA:347,9
DA:348,9
DA:349,9
DA:350,9
DA:351,9
DA:352,9
DA:353,9
DA:354,9
DA:355,9
DA:356,9
DA:357,9
DA:358,9
DA:359,9
DA:360,9
DA:361,9
DA:362,9
DA:363,9
DA:364,9
DA:365,9
DA:366,9
DA:367,9
DA:368,9
DA:369,9
DA:370,9
DA:371,9
DA:372,9
DA:373,9
DA:374,9
DA:375,9
DA:376,9
DA:377,9
DA:378,9
DA:379,9
DA:380,9
DA:381,9
DA:382,9
DA:383,6
DA:384,6
DA:385,6
DA:386,6
DA:387,6
DA:388,6
DA:389,9
DA:390,9
DA:391,9
DA:392,9
DA:393,9
DA:394,9
DA:395,9
DA:396,9
DA:397,1
DA:398,1
DA:399,1
DA:400,0
DA:401,0
DA:402,0
DA:403,0
DA:404,0
DA:405,0
DA:406,0
DA:407,0
DA:408,1
DA:409,1
DA:410,0
DA:411,0
DA:412,0
DA:413,0
DA:414,0
DA:415,0
DA:416,0
DA:417,0
DA:418,0
DA:419,0
DA:420,0
DA:421,0
DA:422,0
DA:423,0
DA:424,0
DA:425,0
DA:426,0
DA:427,0
DA:428,0
DA:429,1
DA:430,1
DA:431,0
DA:432,0
DA:433,0
DA:434,0
DA:435,0
DA:436,0
DA:437,1
DA:438,1
DA:439,54
DA:440,54
DA:441,54
DA:442,0
DA:443,0
DA:444,0
DA:445,0
DA:446,0
DA:447,0
DA:448,0
DA:449,0
DA:450,0
DA:451,0
DA:452,0
DA:453,0
DA:454,0
DA:455,0
DA:456,0
DA:457,0
DA:458,0
DA:459,0
DA:460,0
DA:461,0
DA:462,0
DA:463,0
DA:464,0
DA:465,54
DA:466,54
DA:467,54
DA:468,1
LF:468
LH:318
BRDA:6,0,0,3
BRDA:185,1,0,3
BRDA:191,2,0,3
BRDA:193,3,0,0
BRDA:200,4,0,3
BRDA:202,5,0,0
BRDA:224,6,0,3
BRDA:230,7,0,0
BRDA:237,8,0,3
BRDA:238,9,0,0
BRDA:247,10,0,18
BRDA:292,11,0,9
BRDA:304,12,0,0
BRDA:296,13,0,18
BRDA:311,14,0,9
BRDA:324,15,0,0
BRDA:382,16,0,6
BRDA:390,17,0,0
BRDA:391,18,0,0
BRDA:438,19,0,54
BRDA:439,20,0,36
BRDA:439,21,0,18
BRDA:441,22,0,0
BRF:23
BRH:14
end_of_record
TN:
SF:src/components/pageSearch/pageSearch.ts
FN:10,PageSearch
FN:132,onPageInit
FN:165,_loadData
FN:285,_generateId
FN:289,_handleSearchInit
FN:300,_handleSearchBlur
FN:305,_handleModeSwitch
FN:309,_switchMode
FN:318,_handleFavoriteClick
FN:344,_handleElementClick
FN:360,render
FN:371,html.viewMode.html.triggerPageNavigation.page
FN:393,html.loading.html.searchResult.length.html.viewMode.html.triggerPageNavigation.page
FN:404,html.loading.html.searchResult.length.query.length.html.viewMode.html.triggerPageNavigation.page
FNF:14
FNH:9
FNDA:7,PageSearch
FNDA:10,onPageInit
FNDA:14,_loadData
FNDA:0,_generateId
FNDA:2,_handleSearchInit
FNDA:1,_handleSearchBlur
FNDA:1,_handleModeSwitch
FNDA:9,_switchMode
FNDA:1,_handleFavoriteClick
FNDA:0,_handleElementClick
FNDA:46,render
FNDA:0,html.viewMode.html.triggerPageNavigation.page
FNDA:0,html.loading.html.searchResult.length.html.viewMode.html.triggerPageNavigation.page
FNDA:0,html.loading.html.searchResult.length.query.length.html.viewMode.html.triggerPageNavigation.page
DA:1,1
DA:2,1
DA:3,1
DA:4,1
DA:5,1
DA:6,1
DA:7,1
DA:8,1
DA:9,1
DA:10,7
DA:11,7
DA:12,7
DA:13,7
DA:14,7
DA:15,7
DA:16,7
DA:17,7
DA:18,7
DA:19,7
DA:20,7
DA:21,7
DA:22,7
DA:23,7
DA:24,7
DA:25,7
DA:26,7
DA:27,7
DA:28,7
DA:29,7
DA:30,7
DA:31,7
DA:32,7
DA:33,7
DA:34,7
DA:35,7
DA:36,7
DA:37,7
DA:38,7
DA:39,7
DA:40,7
DA:41,7
DA:42,7
DA:43,7
DA:44,7
DA:45,7
DA:46,7
DA:47,7
DA:48,7
DA:49,7
DA:50,7
DA:51,7
DA:52,7
DA:53,7
DA:54,7
DA:55,7
DA:56,7
DA:57,7
DA:58,7
DA:59,7
DA:60,7
DA:61,7
DA:62,7
DA:63,7
DA:64,7
DA:65,7
DA:66,7
DA:67,7
DA:68,7
DA:69,7
DA:70,7
DA:71,7
DA:72,7
DA:73,7
DA:74,7
DA:75,7
DA:76,7
DA:77,7
DA:78,7
DA:79,7
DA:80,7
DA:81,7
DA:82,7
DA:83,7
DA:84,7
DA:85,7
DA:86,7
DA:87,7
DA:88,7
DA:89,7
DA:90,7
DA:91,7
DA:92,7
DA:93,7
DA:94,7
DA:95,7
DA:96,7
DA:97,7
DA:98,7
DA:99,7
DA:100,7
DA:101,7
DA:102,7
DA:103,7
DA:104,7
DA:105,7
DA:106,7
DA:107,7
DA:108,7
DA:109,7
DA:110,7
DA:111,7
DA:112,7
DA:113,7
DA:114,7
DA:115,7
DA:116,7
DA:117,7
DA:118,7
DA:119,7
DA:120,7
DA:121,7
DA:122,7
DA:123,7
DA:124,7
DA:125,7
DA:126,7
DA:127,7
DA:128,7
DA:129,7
DA:130,7
DA:131,1
DA:132,1
DA:133,10
DA:134,10
DA:135,10
DA:136,10
DA:137,10
DA:138,10
DA:139,0
DA:140,0
DA:141,0
DA:142,0
DA:143,0
DA:144,10
DA:145,10
DA:146,10
DA:147,10
DA:148,10
DA:149,10
DA:150,10
DA:151,10
DA:152,10
DA:153,10
DA:154,0
DA:155,10
DA:156,10
DA:157,10
DA:158,6
DA:159,10
DA:160,4
DA:161,4
DA:162,10
DA:163,10
DA:164,1
DA:165,1
DA:166,14
DA:167,14
DA:168,14
DA:169,14
DA:170,14
DA:171,4
DA:172,4
DA:173,2
DA:174,4
DA:175,4
DA:176,4
DA:177,4
DA:178,2
DA:179,2
DA:180,0
DA:181,0
DA:182,0
DA:183,2
DA:184,14
DA:185,2
DA:186,2
DA:187,2
DA:188,2
DA:189,2
DA:190,2
DA:191,2
DA:192,2
DA:193,0
DA:194,0
DA:195,0
DA:196,0
DA:197,0
DA:198,0
DA:199,0
DA:200,0
DA:201,0
DA:202,0
DA:203,0
DA:204,0
DA:205,2
DA:206,0
DA:207,0
DA:208,0
DA:209,0
DA:210,0
DA:211,0
DA:212,0
DA:213,0
DA:214,0
DA:215,0
DA:216,0
DA:217,10
DA:218,8
DA:219,4
DA:220,4
DA:221,0
DA:222,0
DA:223,0
DA:224,0
DA:225,0
DA:226,0
DA:227,0
DA:228,0
DA:229,0
DA:230,0
DA:231,0
DA:232,0
DA:233,4
DA:234,4
DA:235,4
DA:236,4
DA:237,4
DA:238,4
DA:239,4
DA:240,4
DA:241,4
DA:242,8
DA:243,4
DA:244,4
DA:245,8
DA:246,0
DA:247,0
DA:248,0
DA:249,0
DA:250,0
DA:251,0
DA:252,0
DA:253,0
DA:254,0
DA:255,0
DA:256,0
DA:257,0
DA:258,0
DA:259,0
DA:260,0
DA:261,0
DA:262,0
DA:263,12
DA:264,12
DA:265,9
DA:266,9
DA:267,9
DA:268,9
DA:269,9
DA:270,0
DA:271,0
DA:272,0
DA:273,0
DA:274,9
DA:275,12
DA:276,12
DA:277,14
DA:278,2
DA:279,2
DA:280,14
DA:281,14
DA:282,14
DA:283,14
DA:284,1
DA:285,1
DA:286,0
DA:287,0
DA:288,1
DA:289,1
DA:290,2
DA:291,2
DA:292,2
DA:293,2
DA:294,2
DA:295,2
DA:296,0
DA:297,0
DA:298,2
DA:299,1
DA:300,1
DA:301,1
DA:302,1
DA:303,1
DA:304,1
DA:305,1
DA:306,1
DA:307,1
DA:308,1
DA:309,1
DA:310,9
DA:311,9
DA:312,36
DA:313,36
DA:314,9
DA:315,9
DA:316,9
DA:317,1
DA:318,1
DA:319,1
DA:320,1
DA:321,1
DA:322,1
DA:323,1
DA:324,1
DA:325,1
DA:326,1
DA:327,1
DA:328,1
DA:329,1
DA:330,1
DA:331,1
DA:332,1
DA:333,1
DA:334,1
DA:335,0
DA:336,0
DA:337,1
DA:338,0
DA:339,0
DA:340,1
DA:341,1
DA:342,1
DA:343,1
DA:344,1
DA:345,0
DA:346,0
DA:347,0
DA:348,0
DA:349,0
DA:350,0
DA:351,0
DA:352,0
DA:353,0
DA:354,0
DA:355,0
DA:356,0
DA:357,0
DA:358,0
DA:359,1
DA:360,1
DA:361,46
DA:362,46
DA:363,46
DA:364,46
DA:365,46
DA:366,46
DA:367,46
DA:368,46
DA:369,46
DA:370,46
DA:371,46
DA:372,46
DA:373,46
DA:374,46
DA:375,46
DA:376,46
DA:377,46
DA:378,46
DA:379,46
DA:380,46
DA:381,46
DA:382,46
DA:383,46
DA:384,46
DA:385,46
DA:386,46
DA:387,46
DA:388,46
DA:389,46
DA:390,46
DA:391,46
DA:392,46
DA:393,0
DA:394,0
DA:395,46
DA:396,46
DA:397,46
DA:398,46
DA:399,46
DA:400,32
DA:401,32
DA:402,32
DA:403,12
DA:404,7
DA:405,7
DA:406,5
DA:407,12
DA:408,12
DA:409,12
DA:410,13
DA:411,13
DA:412,13
DA:413,13
DA:414,13
DA:415,13
DA:416,13
DA:417,13
DA:418,12
DA:419,12
DA:420,20
DA:421,32
DA:422,32
DA:423,0
DA:424,0
DA:425,0
DA:426,0
DA:427,0
DA:428,0
DA:429,32
DA:430,32
DA:431,46
DA:432,46
DA:433,46
DA:434,46
DA:435,46
DA:436,1
DA:437,1
DA:438,1
DA:439,1
DA:440,1
DA:441,1
DA:442,1
LF:442
LH:347
BRDA:10,0,0,7
BRDA:132,1,0,10
BRDA:138,2,0,0
BRDA:153,3,0,0
BRDA:153,4,0,0
BRDA:157,5,0,6
BRDA:159,6,0,4
BRDA:165,7,0,14
BRDA:170,8,0,4
BRDA:172,9,0,2
BRDA:179,10,0,0
BRDA:184,11,0,10
BRDA:184,12,0,2
BRDA:192,13,0,0
BRDA:205,14,0,0
BRDA:205,15,0,0
BRDA:217,16,0,8
BRDA:218,17,0,4
BRDA:220,18,0,0
BRDA:235,19,0,0
BRDA:242,20,0,4
BRDA:245,21,0,0
BRDA:262,22,0,12
BRDA:277,23,0,2
BRDA:173,24,0,4
BRDA:174,25,0,0
BRDA:174,26,0,0
BRDA:175,27,0,0
BRDA:177,28,0,2
BRDA:186,29,0,2
BRDA:190,30,0,2
BRDA:237,31,0,4
BRDA:264,32,0,9
BRDA:266,33,0,0
BRDA:269,34,0,0
BRDA:289,35,0,2
BRDA:295,36,0,0
BRDA:300,37,0,1
BRDA:305,38,0,1
BRDA:309,39,0,9
BRDA:311,40,0,36
BRDA:318,41,0,1
BRDA:334,42,0,0
BRDA:337,43,0,0
BRDA:320,44,0,1
BRDA:360,45,0,46
BRDA:363,46,0,0
BRDA:392,47,0,0
BRDA:399,48,0,14
BRDA:399,49,0,32
BRDA:402,50,0,12
BRDA:403,51,0,7
BRDA:405,52,0,5
BRDA:419,53,0,20
BRDA:422,54,0,20
BRDA:422,55,0,0
BRDA:409,56,0,13
BRDA:414,57,0,0
BRDA:414,58,0,0
BRF:59
BRH:36
end_of_record
TN:
SF:src/components/pageUser/pageUser.ts
FN:12,PageUser
FN:572,PageUser._handleStatsTouchStart
FN:579,PageUser._handleStatsTouchEnd
FN:231,handleSwipe
FN:238,onPageInit
FN:277,_loadWeightHistory
FN:284,updated
FN:290,_saveProfile
FN:313,_handleNumberInput
FN:326,_handleGenderChange
FN:331,_handleSaveCalories
FN:355,_handleThemeChange
FN:359,_handleLanguageChange
FN:364,_handleNotificationToggle
FN:370,_handleNotificationTimeChange
FN:376,_handleWarningsToggle
FN:381,_handleStatisticsToggle
FN:392,_confirmEnableStatistics
FN:398,_loadWeeklyStats
FN:460,getAvg
FN:475,formatLabel
FN:565,_changeStatsWeek
FN:599,_getWeekRangeLabel
FN:612,_clearAllData
FN:623,_deleteWeightEntry
FN:628,_saveNewWeightEntry
FN:641,_handleExport
FN:681,_toggleExportStore
FN:691,_handleFileSelect
FN:721,_parseCSV
FN:837,_proceedImport
FN:861,_formatDate
FN:866,_renderTrashIcon
FN:879,render
FN:909,html.showWeightModal
FN:911,html.enableStatistics.html.weightHistory.map.tag
FN:971,html.showMaintenanceModal
FN:989,html.showExportModal
FN:1091,html.showAboutModal.html.showAboutModal
FN:1103,html.showClearModal.html.showClearModal
FN:1117,html.showClearModal.html.showClearModal
FN:1121,html.showWeightModal.html.showWeightModal
FN:1156,html.showExportModal.html.showExportModal
FN:1203,html.showExportModal.html.exportFormat
FN:1211,html.showExportModal.html.exportFormat
FN:1215,html.showImportModal.html.showImportModal
FN:1233,html.showImportModal.html.importOverride
FN:1238,html.showImportModal.html.showImportModal
FN:1243,html.showMaintenanceModal.html.showMaintenanceModal
FN:1276,html.showStatisticsModal.html.showStatisticsModal
FNF:50
FNH:11
FNDA:7,PageUser
FNDA:0,PageUser._handleStatsTouchStart
FNDA:0,PageUser._handleStatsTouchEnd
FNDA:0,handleSwipe
FNDA:7,onPageInit
FNDA:7,_loadWeightHistory
FNDA:31,updated
FNDA:10,_saveProfile
FNDA:2,_handleNumberInput
FNDA:1,_handleGenderChange
FNDA:0,_handleSaveCalories
FNDA:0,_handleThemeChange
FNDA:0,_handleLanguageChange
FNDA:0,_handleNotificationToggle
FNDA:0,_handleNotificationTimeChange
FNDA:0,_handleWarningsToggle
FNDA:0,_handleStatisticsToggle
FNDA:0,_confirmEnableStatistics
FNDA:7,_loadWeeklyStats
FNDA:56,getAvg
FNDA:56,formatLabel
FNDA:0,_changeStatsWeek
FNDA:0,_getWeekRangeLabel
FNDA:0,_clearAllData
FNDA:0,_deleteWeightEntry
FNDA:0,_saveNewWeightEntry
FNDA:0,_handleExport
FNDA:0,_toggleExportStore
FNDA:0,_handleFileSelect
FNDA:0,_parseCSV
FNDA:0,_proceedImport
FNDA:0,_formatDate
FNDA:0,_renderTrashIcon
FNDA:31,render
FNDA:0,html.showWeightModal
FNDA:0,html.enableStatistics.html.weightHistory.map.tag
FNDA:0,html.showMaintenanceModal
FNDA:0,html.showExportModal
FNDA:0,html.showAboutModal.html.showAboutModal
FNDA:0,html.showClearModal.html.showClearModal
FNDA:0,html.showClearModal.html.showClearModal
FNDA:0,html.showWeightModal.html.showWeightModal
FNDA:0,html.showExportModal.html.showExportModal
FNDA:0,html.showExportModal.html.exportFormat
FNDA:0,html.showExportModal.html.exportFormat
FNDA:0,html.showImportModal.html.showImportModal
FNDA:0,html.showImportModal.html.importOverride
FNDA:0,html.showImportModal.html.showImportModal
FNDA:0,html.showMaintenanceModal.html.showMaintenanceModal
FNDA:0,html.showStatisticsModal.html.showStatisticsModal
DA:1,1
DA:2,1
DA:3,1
DA:4,1
DA:5,1
DA:6,1
DA:7,1
DA:8,1
DA:9,1
DA:10,1
DA:11,1
DA:12,7
DA:13,7
DA:14,7
DA:15,7
DA:16,7
DA:17,7
DA:18,7
DA:19,7
DA:20,7
DA:21,7
DA:22,7
DA:23,7
DA:24,7
DA:25,7
DA:26,7
DA:27,7
DA:28,7
DA:29,7
DA:30,7
DA:31,7
DA:32,7
DA:33,7
DA:34,7
DA:35,7
DA:36,7
DA:37,7
DA:38,7
DA:39,7
DA:40,7
DA:41,7
DA:42,7
DA:43,7
DA:44,7
DA:45,7
DA:46,7
DA:47,7
DA:48,7
DA:49,7
DA:50,7
DA:51,7
DA:52,7
DA:53,7
DA:54,7
DA:55,7
DA:56,7
DA:57,7
DA:58,7
DA:59,7
DA:60,7
DA:61,7
DA:62,7
DA:63,7
DA:64,7
DA:65,7
DA:66,7
DA:67,7
DA:68,7
DA:69,7
DA:70,7
DA:71,7
DA:72,7
DA:73,7
DA:74,7
DA:75,7
DA:76,7
DA:77,7
DA:78,7
DA:79,7
DA:80,7
DA:81,7
DA:82,7
DA:83,7
DA:84,7
DA:85,7
DA:86,7
DA:87,7
DA:88,7
DA:89,7
DA:90,7
DA:91,7
DA:92,7
DA:93,7
DA:94,7
DA:95,7
DA:96,7
DA:97,7
DA:98,7
DA:99,7
DA:100,7
DA:101,7
DA:102,7
DA:103,7
DA:104,7
DA:105,7
DA:106,7
DA:107,7
DA:108,7
DA:109,7
DA:110,7
DA:111,7
DA:112,7
DA:113,7
DA:114,7
DA:115,7
DA:116,7
DA:117,7
DA:118,7
DA:119,7
DA:120,7
DA:121,7
DA:122,7
DA:123,7
DA:124,7
DA:125,7
DA:126,7
DA:127,7
DA:128,7
DA:129,7
DA:130,7
DA:131,7
DA:132,7
DA:133,7
DA:134,7
DA:135,7
DA:136,7
DA:137,7
DA:138,7
DA:139,7
DA:140,7
DA:141,7
DA:142,7
DA:143,7
DA:144,7
DA:145,7
DA:146,7
DA:147,7
DA:148,7
DA:149,7
DA:150,7
DA:151,7
DA:152,7
DA:153,7
DA:154,7
DA:155,7
DA:156,7
DA:157,7
DA:158,7
DA:159,7
DA:160,7
DA:161,7
DA:162,7
DA:163,7
DA:164,7
DA:165,7
DA:166,7
DA:167,7
DA:168,7
DA:169,7
DA:170,7
DA:171,7
DA:172,7
DA:173,7
DA:174,7
DA:175,7
DA:176,7
DA:177,7
DA:178,7
DA:179,7
DA:180,7
DA:181,7
DA:182,7
DA:183,7
DA:184,7
DA:185,7
DA:186,7
DA:187,7
DA:188,7
DA:189,7
DA:190,7
DA:191,7
DA:192,7
DA:193,7
DA:194,7
DA:195,7
DA:196,7
DA:197,7
DA:198,7
DA:199,7
DA:200,7
DA:201,7
DA:202,7
DA:203,7
DA:204,7
DA:205,7
DA:206,7
DA:207,7
DA:208,7
DA:209,7
DA:210,7
DA:211,7
DA:212,7
DA:213,7
DA:214,7
DA:215,7
DA:216,7
DA:217,7
DA:218,7
DA:219,7
DA:220,7
DA:221,7
DA:222,7
DA:223,7
DA:224,7
DA:225,7
DA:226,7
DA:227,7
DA:228,7
DA:229,7
DA:230,7
DA:231,7
DA:232,0
DA:233,0
DA:234,0
DA:235,0
DA:236,0
DA:237,7
DA:238,7
DA:239,7
DA:240,7
DA:241,7
DA:242,7
DA:243,7
DA:244,7
DA:245,0
DA:246,0
DA:247,0
DA:248,0
DA:249,0
DA:250,0
DA:251,0
DA:252,0
DA:253,0
DA:254,0
DA:255,0
DA:256,0
DA:257,0
DA:258,0
DA:259,0
DA:260,0
DA:261,0
DA:262,0
DA:263,7
DA:264,7
DA:265,7
DA:266,7
DA:267,7
DA:268,7
DA:269,7
DA:270,7
DA:271,7
DA:272,7
DA:273,7
DA:274,7
DA:275,7
DA:276,7
DA:277,7
DA:278,7
DA:279,7
DA:280,1
DA:281,1
DA:282,7
DA:283,7
DA:284,7
DA:285,31
DA:286,7
DA:287,7
DA:288,31
DA:289,7
DA:290,7
DA:291,10
DA:292,10
DA:293,10
DA:294,10
DA:295,10
DA:296,10
DA:297,10
DA:298,10
DA:299,10
DA:300,10
DA:301,10
DA:302,10
DA:303,10
DA:304,10
DA:305,10
DA:306,10
DA:307,10
DA:308,10
DA:309,10
DA:310,10
DA:311,10
DA:312,7
DA:313,7
DA:314,2
DA:315,2
DA:316,2
DA:317,2
DA:318,2
DA:319,2
DA:320,0
DA:321,0
DA:322,0
DA:323,0
DA:324,2
DA:325,7
DA:326,7
DA:327,1
DA:328,1
DA:329,1
DA:330,7
DA:331,7
DA:332,0
DA:333,0
DA:334,0
DA:335,0
DA:336,0
DA:337,0
DA:338,0
DA:339,0
DA:340,0
DA:341,0
DA:342,0
DA:343,0
DA:344,0
DA:345,0
DA:346,0
DA:347,0
DA:348,0
DA:349,0
DA:350,0
DA:351,0
DA:352,0
DA:353,0
DA:354,7
DA:355,7
DA:356,0
DA:357,0
DA:358,7
DA:359,7
DA:360,0
DA:361,0
DA:362,0
DA:363,7
DA:364,7
DA:365,0
DA:366,0
DA:367,0
DA:368,0
DA:369,7
DA:370,7
DA:371,0
DA:372,0
DA:373,0
DA:374,0
DA:375,7
DA:376,7
DA:377,0
DA:378,0
DA:379,0
DA:380,7
DA:381,7
DA:382,0
DA:383,0
DA:384,0
DA:385,0
DA:386,0
DA:387,0
DA:388,0
DA:389,0
DA:390,0
DA:391,7
DA:392,7
DA:393,0
DA:394,0
DA:395,0
DA:396,0
DA:397,7
DA:398,7
DA:399,7
DA:400,7
DA:401,7
DA:402,7
DA:403,7
DA:404,7
DA:405,7
DA:406,49
DA:407,49
DA:408,49
DA:409,49
DA:410,7
DA:411,7
DA:412,49
DA:413,49
DA:414,7
DA:415,7
DA:416,7
DA:417,7
DA:418,7
DA:419,49
DA:420,49
DA:421,7
DA:422,7
DA:423,7
DA:424,7
DA:425,7
DA:426,7
DA:427,7
DA:428,7
DA:429,7
DA:430,7
DA:431,49
DA:432,49
DA:433,49
DA:434,49
DA:435,294
DA:436,0
DA:437,0
DA:438,294
DA:439,49
DA:440,49
DA:441,49
DA:442,49
DA:443,49
DA:444,49
DA:445,49
DA:446,49
DA:447,49
DA:448,49
DA:449,49
DA:450,49
DA:451,49
DA:452,49
DA:453,49
DA:454,49
DA:455,49
DA:456,49
DA:457,49
DA:458,7
DA:459,7
DA:460,7
DA:461,56
DA:462,56
DA:463,56
DA:464,7
DA:465,7
DA:466,7
DA:467,7
DA:468,7
DA:469,7
DA:470,7
DA:471,7
DA:472,7
DA:473,7
DA:474,7
DA:475,7
DA:476,56
DA:477,28
DA:478,28
DA:479,7
DA:480,7
DA:481,7
DA:482,7
DA:483,28
DA:484,7
DA:485,21
DA:486,14
DA:487,14
DA:488,56
DA:489,7
DA:490,7
DA:491,7
DA:492,7
DA:493,7
DA:494,7
DA:495,7
DA:496,7
DA:497,7
DA:498,7
DA:499,7
DA:500,7
DA:501,7
DA:502,7
DA:503,7
DA:504,7
DA:505,7
DA:506,7
DA:507,7
DA:508,7
DA:509,7
DA:510,7
DA:511,7
DA:512,7
DA:513,7
DA:514,7
DA:515,7
DA:516,7
DA:517,7
DA:518,7
DA:519,7
DA:520,7
DA:521,7
DA:522,7
DA:523,7
DA:524,7
DA:525,7
DA:526,7
DA:527,7
DA:528,7
DA:529,7
DA:530,7
DA:531,7
DA:532,7
DA:533,7
DA:534,7
DA:535,7
DA:536,7
DA:537,7
DA:538,7
DA:539,7
DA:540,7
DA:541,7
DA:542,7
DA:543,7
DA:544,7
DA:545,7
DA:546,7
DA:547,7
DA:548,7
DA:549,7
DA:550,7
DA:551,7
DA:552,7
DA:553,7
DA:554,7
DA:555,7
DA:556,7
DA:557,7
DA:558,7
DA:559,7
DA:560,7
DA:561,7
DA:562,7
DA:563,7
DA:564,7
DA:565,7
DA:566,0
DA:567,0
DA:568,0
DA:569,0
DA:570,0
DA:571,7
DA:572,7
DA:573,0
DA:574,0
DA:575,0
DA:576,0
DA:577,0
DA:578,7
DA:579,7
DA:580,0
DA:581,0
DA:582,0
DA:583,0
DA:584,0
DA:585,0
DA:586,0
DA:587,0
DA:588,0
DA:589,0
DA:590,0
DA:591,0
DA:592,0
DA:593,0
DA:594,0
DA:595,0
DA:596,0
DA:597,0
DA:598,1
DA:599,1
DA:600,0
DA:601,0
DA:602,0
DA:603,0
DA:604,0
DA:605,0
DA:606,0
DA:607,0
DA:608,0
DA:609,0
DA:610,1
DA:611,1
DA:612,1
DA:613,0
DA:614,0
DA:615,0
DA:616,0
DA:617,0
DA:618,0
DA:619,0
DA:620,0
DA:621,0
DA:622,1
DA:623,1
DA:624,0
DA:625,0
DA:626,0
DA:627,1
DA:628,1
DA:629,0
DA:630,0
DA:631,0
DA:632,0
DA:633,0
DA:634,0
DA:635,0
DA:636,0
DA:637,0
DA:638,0
DA:639,0
DA:640,1
DA:641,1
DA:642,0
DA:643,0
DA:644,0
DA:645,0
DA:646,0
DA:647,0
DA:648,0
DA:649,0
DA:650,0
DA:651,0
DA:652,0
DA:653,0
DA:654,0
DA:655,0
DA:656,0
DA:657,0
DA:658,0
DA:659,0
DA:660,0
DA:661,0
DA:662,0
DA:663,0
DA:664,0
DA:665,0
DA:666,0
DA:667,0
DA:668,0
DA:669,0
DA:670,0
DA:671,0
DA:672,0
DA:673,0
DA:674,0
DA:675,0
DA:676,0
DA:677,0
DA:678,0
DA:679,0
DA:680,1
DA:681,1
DA:682,0
DA:683,0
DA:684,0
DA:685,0
DA:686,0
DA:687,0
DA:688,0
DA:689,0
DA:690,1
DA:691,1
DA:692,0
DA:693,0
DA:694,0
DA:695,0
DA:696,0
DA:697,0
DA:698,0
DA:699,0
DA:700,0
DA:701,0
DA:702,0
DA:703,0
DA:704,0
DA:705,0
DA:706,0
DA:707,0
DA:708,0
DA:709,0
DA:710,0
DA:711,0
DA:712,0
DA:713,0
DA:714,0
DA:715,0
DA:716,0
DA:717,0
DA:718,0
DA:719,0
DA:720,1
DA:721,1
DA:722,0
DA:723,0
DA:724,0
DA:725,0
DA:726,0
DA:727,0
DA:728,0
DA:729,0
DA:730,0
DA:731,0
DA:732,0
DA:733,0
DA:734,0
DA:735,0
DA:736,0
DA:737,0
DA:738,0
DA:739,0
DA:740,0
DA:741,0
DA:742,0
DA:743,0
DA:744,0
DA:745,0
DA:746,0
DA:747,0
DA:748,0
DA:749,0
DA:750,0
DA:751,0
DA:752,0
DA:753,0
DA:754,0
DA:755,0
DA:756,0
DA:757,0
DA:758,0
DA:759,0
DA:760,0
DA:761,0
DA:762,0
DA:763,0
DA:764,0
DA:765,0
DA:766,0
DA:767,0
DA:768,0
DA:769,0
DA:770,0
DA:771,0
DA:772,0
DA:773,0
DA:774,0
DA:775,0
DA:776,0
DA:777,0
DA:778,0
DA:779,0
DA:780,0
DA:781,0
DA:782,0
DA:783,0
DA:784,0
DA:785,0
DA:786,0
DA:787,0
DA:788,0
DA:789,0
DA:790,0
DA:791,0
DA:792,0
DA:793,0
DA:794,0
DA:795,0
DA:796,0
DA:797,0
DA:798,0
DA:799,0
DA:800,0
DA:801,0
DA:802,0
DA:803,0
DA:804,0
DA:805,0
DA:806,0
DA:807,0
DA:808,0
DA:809,0
DA:810,0
DA:811,0
DA:812,0
DA:813,0
DA:814,0
DA:815,0
DA:816,0
DA:817,0
DA:818,0
DA:819,0
DA:820,0
DA:821,0
DA:822,0
DA:823,0
DA:824,0
DA:825,0
DA:826,0
DA:827,0
DA:828,0
DA:829,0
DA:830,0
DA:831,0
DA:832,0
DA:833,0
DA:834,0
DA:835,0
DA:836,1
DA:837,1
DA:838,0
DA:839,0
DA:840,0
DA:841,0
DA:842,0
DA:843,0
DA:844,0
DA:845,0
DA:846,0
DA:847,0
DA:848,0
DA:849,0
DA:850,0
DA:851,0
DA:852,0
DA:853,0
DA:854,0
DA:855,0
DA:856,0
DA:857,0
DA:858,0
DA:859,0
DA:860,1
DA:861,1
DA:862,0
DA:863,0
DA:864,0
DA:865,1
DA:866,1
DA:867,0
DA:868,0
DA:869,0
DA:870,0
DA:871,0
DA:872,0
DA:873,0
DA:874,0
DA:875,0
DA:876,0
DA:877,0
DA:878,1
DA:879,1
DA:880,31
DA:881,31
DA:882,31
DA:883,31
DA:884,31
DA:885,31
DA:886,31
DA:887,31
DA:888,31
DA:889,31
DA:890,31
DA:891,31
DA:892,31
DA:893,31
DA:894,31
DA:895,31
DA:896,31
DA:897,31
DA:898,31
DA:899,31
DA:900,31
DA:901,31
DA:902,31
DA:903,31
DA:904,31
DA:905,31
DA:906,31
DA:907,31
DA:908,31
DA:909,31
DA:910,31
DA:911,31
DA:912,31
DA:913,31
DA:914,31
DA:915,31
DA:916,31
DA:917,31
DA:918,0
DA:919,0
DA:920,0
DA:921,0
DA:922,0
DA:923,0
DA:924,0
DA:925,0
DA:926,0
DA:927,0
DA:928,0
DA:929,0
DA:930,0
DA:931,0
DA:932,0
DA:933,0
DA:934,0
DA:935,0
DA:936,0
DA:937,0
DA:938,0
DA:939,0
DA:940,0
DA:941,0
DA:942,0
DA:943,0
DA:944,0
DA:945,0
DA:946,31
DA:947,31
DA:948,31
DA:949,31
DA:950,31
DA:951,31
DA:952,31
DA:953,31
DA:954,31
DA:955,31
DA:956,31
DA:957,31
DA:958,31
DA:959,31
DA:960,31
DA:961,31
DA:962,31
DA:963,31
DA:964,31
DA:965,31
DA:966,31
DA:967,31
DA:968,31
DA:969,31
DA:970,31
DA:971,31
DA:972,31
DA:973,31
DA:974,31
DA:975,31
DA:976,31
DA:977,31
DA:978,31
DA:979,31
DA:980,31
DA:981,31
DA:982,31
DA:983,31
DA:984,31
DA:985,31
DA:986,31
DA:987,31
DA:988,31
DA:989,31
DA:990,31
DA:991,31
DA:992,31
DA:993,31
DA:994,31
DA:995,31
DA:996,31
DA:997,31
DA:998,31
DA:999,31
DA:1000,31
DA:1001,31
DA:1002,31
DA:1003,31
DA:1004,31
DA:1005,31
DA:1006,31
DA:1007,31
DA:1008,31
DA:1009,31
DA:1010,31
DA:1011,31
DA:1012,31
DA:1013,31
DA:1014,31
DA:1015,31
DA:1016,31
DA:1017,31
DA:1018,31
DA:1019,31
DA:1020,31
DA:1021,31
DA:1022,31
DA:1023,31
DA:1024,31
DA:1025,31
DA:1026,31
DA:1027,31
DA:1028,31
DA:1029,31
DA:1030,31
DA:1031,31
DA:1032,31
DA:1033,31
DA:1034,31
DA:1035,31
DA:1036,31
DA:1037,31
DA:1038,31
DA:1039,31
DA:1040,31
DA:1041,31
DA:1042,31
DA:1043,31
DA:1044,31
DA:1045,31
DA:1046,31
DA:1047,31
DA:1048,31
DA:1049,31
DA:1050,31
DA:1051,31
DA:1052,31
DA:1053,31
DA:1054,31
DA:1055,31
DA:1056,31
DA:1057,31
DA:1058,31
DA:1059,31
DA:1060,31
DA:1061,31
DA:1062,31
DA:1063,31
DA:1064,31
DA:1065,31
DA:1066,31
DA:1067,31
DA:1068,31
DA:1069,31
DA:1070,31
DA:1071,31
DA:1072,31
DA:1073,0
DA:1074,0
DA:1075,31
DA:1076,31
DA:1077,31
DA:1078,31
DA:1079,31
DA:1080,31
DA:1081,31
DA:1082,31
DA:1083,31
DA:1084,31
DA:1085,31
DA:1086,31
DA:1087,31
DA:1088,0
DA:1089,0
DA:1090,0
DA:1091,0
DA:1092,0
DA:1093,31
DA:1094,31
DA:1095,31
DA:1096,31
DA:1097,31
DA:1098,31
DA:1099,0
DA:1100,0
DA:1101,0
DA:1102,0
DA:1103,0
DA:1104,0
DA:1105,0
DA:1106,0
DA:1107,31
DA:1108,31
DA:1109,31
DA:1110,31
DA:1111,31
DA:1112,31
DA:1113,0
DA:1114,0
DA:1115,0
DA:1116,0
DA:1117,0
DA:1118,0
DA:1119,0
DA:1120,0
DA:1121,0
DA:1122,0
DA:1123,31
DA:1124,31
DA:1125,31
DA:1126,31
DA:1127,31
DA:1128,31
DA:1129,0
DA:1130,0
DA:1131,0
DA:1132,0
DA:1133,0
DA:1134,0
DA:1135,0
DA:1136,0
DA:1137,0
DA:1138,0
DA:1139,0
DA:1140,0
DA:1141,0
DA:1142,0
DA:1143,0
DA:1144,0
DA:1145,0
DA:1146,0
DA:1147,0
DA:1148,0
DA:1149,0
DA:1150,0
DA:1151,0
DA:1152,0
DA:1153,0
DA:1154,0
DA:1155,0
DA:1156,0
DA:1157,0
DA:1158,0
DA:1159,0
DA:1160,31
DA:1161,31
DA:1162,31
DA:1163,31
DA:1164,31
DA:1165,31
DA:1166,31
DA:1167,0
DA:1168,0
DA:1169,0
DA:1170,0
DA:1171,0
DA:1172,0
DA:1173,0
DA:1174,0
DA:1175,0
DA:1176,0
DA:1177,0
DA:1178,0
DA:1179,0
DA:1180,0
DA:1181,0
DA:1182,0
DA:1183,0
DA:1184,0
DA:1185,0
DA:1186,0
DA:1187,0
DA:1188,0
DA:1189,0
DA:1190,0
DA:1191,0
DA:1192,0
DA:1193,0
DA:1194,0
DA:1195,0
DA:1196,0
DA:1197,0
DA:1198,0
DA:1199,0
DA:1200,0
DA:1201,0
DA:1202,0
DA:1203,0
DA:1204,0
DA:1205,0
DA:1206,0
DA:1207,0
DA:1208,0
DA:1209,0
DA:1210,0
DA:1211,0
DA:1212,0
DA:1213,0
DA:1214,0
DA:1215,0
DA:1216,0
DA:1217,0
DA:1218,0
DA:1219,0
DA:1220,0
DA:1221,0
DA:1222,0
DA:1223,31
DA:1224,31
DA:1225,31
DA:1226,31
DA:1227,31
DA:1228,31
DA:1229,0
DA:1230,0
DA:1231,0
DA:1232,0
DA:1233,0
DA:1234,0
DA:1235,0
DA:1236,0
DA:1237,0
DA:1238,0
DA:1239,0
DA:1240,0
DA:1241,0
DA:1242,0
DA:1243,0
DA:1244,0
DA:1245,31
DA:1246,31
DA:1247,31
DA:1248,31
DA:1249,31
DA:1250,31
DA:1251,0
DA:1252,0
DA:1253,0
DA:1254,0
DA:1255,0
DA:1256,0
DA:1257,0
DA:1258,0
DA:1259,0
DA:1260,0
DA:1261,0
DA:1262,0
DA:1263,0
DA:1264,0
DA:1265,0
DA:1266,31
DA:1267,31
DA:1268,31
DA:1269,31
DA:1270,31
DA:1271,31
DA:1272,0
DA:1273,0
DA:1274,0
DA:1275,0
DA:1276,0
DA:1277,0
DA:1278,0
DA:1279,0
DA:1280,0
DA:1281,0
DA:1282,0
DA:1283,0
DA:1284,0
DA:1285,0
DA:1286,31
DA:1287,31
DA:1288,31
DA:1289,31
DA:1290,31
DA:1291,31
DA:1292,1
DA:1293,1
DA:1294,1
DA:1295,1
DA:1296,1
DA:1297,1
DA:1298,1
LF:1298
LH:748
BRDA:12,0,0,7
BRDA:238,1,0,7
BRDA:244,2,0,0
BRDA:267,3,0,1
BRDA:268,4,0,1
BRDA:277,5,0,7
BRDA:279,6,0,1
BRDA:284,7,0,31
BRDA:285,8,0,7
BRDA:290,9,0,10
BRDA:313,10,0,2
BRDA:319,11,0,0
BRDA:326,12,0,1
BRDA:398,13,0,7
BRDA:401,14,0,0
BRDA:405,15,0,49
BRDA:494,16,0,0
BRDA:500,17,0,0
BRDA:504,18,0,0
BRDA:505,19,0,0
BRDA:506,20,0,0
BRDA:511,21,0,0
BRDA:518,22,0,0
BRDA:526,23,0,0
BRDA:532,24,0,0
BRDA:544,25,0,0
BRDA:545,26,0,0
BRDA:546,27,0,0
BRDA:547,28,0,0
BRDA:548,29,0,0
BRDA:411,30,0,49
BRDA:418,31,0,49
BRDA:430,32,0,49
BRDA:434,33,0,294
BRDA:460,34,0,56
BRDA:462,35,0,0
BRDA:461,36,0,392
BRDA:466,37,0,49
BRDA:467,38,0,49
BRDA:468,39,0,49
BRDA:475,40,0,56
BRDA:476,41,0,28
BRDA:478,42,0,7
BRDA:483,43,0,21
BRDA:483,44,0,7
BRDA:485,45,0,14
BRDA:513,46,0,49
BRDA:879,47,0,31
BRDA:899,48,0,0
BRDA:917,49,0,0
BRDA:979,50,0,0
BRDA:1004,51,0,0
BRDA:1019,52,0,0
BRDA:1072,53,0,0
BRDA:1087,54,0,0
BRDA:1098,55,0,0
BRDA:1112,56,0,0
BRDA:1128,57,0,0
BRDA:1166,58,0,0
BRDA:1228,59,0,0
BRDA:1250,60,0,0
BRDA:1271,61,0,0
BRDA:895,62,0,1
BRDA:956,63,0,1
BRF:64
BRH:32
end_of_record
